#
# There is insufficient memory for the Java Runtime Environment to continue.
# Native memory allocation (mmap) failed to map 102760448 bytes for committing reserved memory.
# Possible reasons:
#   The system is out of physical RAM or swap space
#   In 32 bit mode, the process size limit was hit
# Possible solutions:
#   Reduce memory load on the system
#   Increase physical memory or swap space
#   Check if swap backing store is full
#   Use 64 bit Java on a 64 bit OS
#   Decrease Java heap size (-Xmx/-Xms)
#   Decrease number of Java threads
#   Decrease Java thread stack sizes (-Xss)
#   Set larger code cache with -XX:ReservedCodeCacheSize=
# This output file may be truncated or incomplete.
#
#  Out of Memory Error (os_linux.cpp:2673), pid=4543, tid=140635842504448
#
# JRE version: Java(TM) SE Runtime Environment (8.0_45-b14) (build 1.8.0_45-b14)
# Java VM: Java HotSpot(TM) 64-Bit Server VM (25.45-b02 mixed mode linux-amd64 compressed oops)
# Failed to write core dump. Core dumps have been disabled. To enable core dumping, try "ulimit -c unlimited" before starting Java again
#

---------------  T H R E A D  ---------------

Current thread (0x00007fe86c13f000):  VMThread [stack: 0x00007fe8555f6000,0x00007fe8556f7000] [id=4556]

Stack: [0x00007fe8555f6000,0x00007fe8556f7000],  sp=0x00007fe8556f5160,  free space=1020k
Native frames: (J=compiled Java code, j=interpreted, Vv=VM code, C=native code)
V  [libjvm.so+0xaac99a]  VMError::report_and_die()+0x2ba
V  [libjvm.so+0x4f333b]  report_vm_out_of_memory(char const*, int, unsigned long, VMErrorType, char const*)+0x8b
V  [libjvm.so+0x90e7c3]  os::Linux::commit_memory_impl(char*, unsigned long, bool)+0x103
V  [libjvm.so+0x90ed19]  os::pd_commit_memory(char*, unsigned long, unsigned long, bool)+0x29
V  [libjvm.so+0x90867a]  os::commit_memory(char*, unsigned long, unsigned long, bool)+0x2a
V  [libjvm.so+0x97bac3]  PSVirtualSpace::expand_by(unsigned long)+0x53
V  [libjvm.so+0x97cec8]  PSYoungGen::resize_generation(unsigned long, unsigned long)+0xf8
V  [libjvm.so+0x97c022]  PSYoungGen::resize(unsigned long, unsigned long)+0x22
V  [libjvm.so+0x9792fb]  PSScavenge::invoke_no_policy()+0xf7b
V  [libjvm.so+0x979a81]  PSScavenge::invoke()+0x41
V  [libjvm.so+0x932050]  ParallelScavengeHeap::failed_mem_allocate(unsigned long)+0x70
V  [libjvm.so+0xaae1d7]  VM_ParallelGCFailedAllocation::doit()+0x97
V  [libjvm.so+0xab59c5]  VM_Operation::evaluate()+0x55
V  [libjvm.so+0xab3d9a]  VMThread::evaluate_operation(VM_Operation*)+0xba
V  [libjvm.so+0xab411e]  VMThread::loop()+0x1ce
V  [libjvm.so+0xab4590]  VMThread::run()+0x70
V  [libjvm.so+0x910de8]  java_start(Thread*)+0x108

VM_Operation (0x00007fe873d5e050): ParallelGCFailedAllocation, mode: safepoint, requested by thread 0x00007fe86c00a000


---------------  P R O C E S S  ---------------

Java Threads: ( => current thread )
  0x00007fe86c191000 JavaThread "Service Thread" daemon [_thread_blocked, id=4563, stack(0x00007fe854af0000,0x00007fe854bf1000)]
  0x00007fe86c184000 JavaThread "C1 CompilerThread2" daemon [_thread_blocked, id=4562, stack(0x00007fe854bf1000,0x00007fe854cf2000)]
  0x00007fe86c182000 JavaThread "C2 CompilerThread1" daemon [_thread_blocked, id=4561, stack(0x00007fe854cf2000,0x00007fe854df3000)]
  0x00007fe86c17f000 JavaThread "C2 CompilerThread0" daemon [_thread_blocked, id=4560, stack(0x00007fe854df3000,0x00007fe854ef4000)]
  0x00007fe86c17e000 JavaThread "Signal Dispatcher" daemon [_thread_blocked, id=4559, stack(0x00007fe854ef4000,0x00007fe854ff5000)]
  0x00007fe86c146000 JavaThread "Finalizer" daemon [_thread_blocked, id=4558, stack(0x00007fe8553f4000,0x00007fe8554f5000)]
  0x00007fe86c144000 JavaThread "Reference Handler" daemon [_thread_blocked, id=4557, stack(0x00007fe8554f5000,0x00007fe8555f6000)]
  0x00007fe86c00a000 JavaThread "main" [_thread_blocked, id=4551, stack(0x00007fe873c5f000,0x00007fe873d60000)]

Other Threads:
=>0x00007fe86c13f000 VMThread [stack: 0x00007fe8555f6000,0x00007fe8556f7000] [id=4556]
  0x00007fe86c193800 WatcherThread [stack: 0x00007fe8549ef000,0x00007fe854af0000] [id=4564]

VM state:at safepoint (normal execution)

VM Mutex/Monitor currently owned by a thread:  ([mutex/lock_event])
[0x00007fe86c0061e0] Threads_lock - owner thread: 0x00007fe86c13f000
[0x00007fe86c0066e0] Heap_lock - owner thread: 0x00007fe86c00a000

Heap:
 PSYoungGen      total 63488K, used 2033K [0x00000000eab00000, 0x00000000eeb00000, 0x0000000100000000)
  eden space 61440K, 0% used [0x00000000eab00000,0x00000000eab00000,0x00000000ee700000)
  from space 2048K, 99% used [0x00000000ee700000,0x00000000ee8fc440,0x00000000ee900000)
  to   space 2048K, 0% used [0x00000000ee900000,0x00000000ee900000,0x00000000eeb00000)
 ParOldGen       total 47104K, used 43651K [0x00000000c0000000, 0x00000000c2e00000, 0x00000000eab00000)
  object space 47104K, 92% used [0x00000000c0000000,0x00000000c2aa0ff0,0x00000000c2e00000)
 Metaspace       used 6945K, capacity 7384K, committed 7680K, reserved 1056768K
  class space    used 697K, capacity 720K, committed 768K, reserved 1048576K

Card table byte_map: [0x00007fe870837000,0x00007fe870a38000] byte_map_base: 0x00007fe870237000

Marking Bits: (ParMarkBitMap*) 0x00007fe873135760
 Begin Bits: [0x00007fe856000000, 0x00007fe857000000)
 End Bits:   [0x00007fe857000000, 0x00007fe858000000)

Polling page: 0x00007fe873d7c000

CodeCache: size=245760Kb used=6214Kb max_used=6232Kb free=239545Kb
 bounds [0x00007fe85d000000, 0x00007fe85d620000, 0x00007fe86c000000]
 total_blobs=2158 nmethods=1865 adapters=207
 compilation: enabled

Compilation events (10 events):
Event: 2.533 Thread 0x00007fe86c184000 1903       3       com.android.dx.io.instructions.InstructionCodec$33::decode (99 bytes)
Event: 2.537 Thread 0x00007fe86c184000 nmethod 1903 0x00007fe85d60ce50 code [0x00007fe85d60d140, 0x00007fe85d60ed78]
Event: 2.537 Thread 0x00007fe86c184000 1904       3       com.android.dx.io.instructions.InstructionCodec$33::encode (131 bytes)
Event: 2.539 Thread 0x00007fe86c184000 nmethod 1904 0x00007fe85d610050 code [0x00007fe85d610300, 0x00007fe85d611fc8]
Event: 2.589 Thread 0x00007fe86c184000 1909       2       com.android.dx.io.instructions.InstructionCodec$17::decode (46 bytes)
Event: 2.590 Thread 0x00007fe86c184000 nmethod 1909 0x00007fe85d612dd0 code [0x00007fe85d612f60, 0x00007fe85d6132f8]
Event: 2.595 Thread 0x00007fe86c184000 1910       2       com.android.dx.io.instructions.InstructionCodec$17::encode (29 bytes)
Event: 2.596 Thread 0x00007fe86c184000 nmethod 1910 0x00007fe85d613650 code [0x00007fe85d613800, 0x00007fe85d613ac8]
Event: 2.601 Thread 0x00007fe86c17f000 nmethod 1882 0x00007fe85d618590 code [0x00007fe85d618840, 0x00007fe85d61a3d0]
Event: 2.601 Thread 0x00007fe86c17f000 1877       4       com.android.dx.merge.DexMerger::transformCode (252 bytes)

GC Heap History (9 events):
Event: 1.171 GC heap before
{Heap before GC invocations=1 (full 0):
 PSYoungGen      total 17408K, used 15313K [0x00000000eab00000, 0x00000000ebe00000, 0x0000000100000000)
  eden space 15360K, 99% used [0x00000000eab00000,0x00000000eb9f4658,0x00000000eba00000)
  from space 2048K, 0% used [0x00000000ebc00000,0x00000000ebc00000,0x00000000ebe00000)
  to   space 2048K, 0% used [0x00000000eba00000,0x00000000eba00000,0x00000000ebc00000)
 ParOldGen       total 39936K, used 0K [0x00000000c0000000, 0x00000000c2700000, 0x00000000eab00000)
  object space 39936K, 0% used [0x00000000c0000000,0x00000000c0000000,0x00000000c2700000)
 Metaspace       used 4925K, capacity 6352K, committed 6528K, reserved 1056768K
  class space    used 495K, capacity 584K, committed 640K, reserved 1048576K
Event: 1.186 GC heap after
Heap after GC invocations=1 (full 0):
 PSYoungGen      total 17408K, used 2033K [0x00000000eab00000, 0x00000000ecd00000, 0x0000000100000000)
  eden space 15360K, 0% used [0x00000000eab00000,0x00000000eab00000,0x00000000eba00000)
  from space 2048K, 99% used [0x00000000eba00000,0x00000000ebbfc608,0x00000000ebc00000)
  to   space 2048K, 0% used [0x00000000ecb00000,0x00000000ecb00000,0x00000000ecd00000)
 ParOldGen       total 39936K, used 4469K [0x00000000c0000000, 0x00000000c2700000, 0x00000000eab00000)
  object space 39936K, 11% used [0x00000000c0000000,0x00000000c045d508,0x00000000c2700000)
 Metaspace       used 4925K, capacity 6352K, committed 6528K, reserved 1056768K
  class space    used 495K, capacity 584K, committed 640K, reserved 1048576K
}
Event: 1.259 GC heap before
{Heap before GC invocations=2 (full 0):
 PSYoungGen      total 17408K, used 12561K [0x00000000eab00000, 0x00000000ecd00000, 0x0000000100000000)
  eden space 15360K, 68% used [0x00000000eab00000,0x00000000eb547f80,0x00000000eba00000)
  from space 2048K, 99% used [0x00000000eba00000,0x00000000ebbfc608,0x00000000ebc00000)
  to   space 2048K, 0% used [0x00000000ecb00000,0x00000000ecb00000,0x00000000ecd00000)
 ParOldGen       total 39936K, used 4469K [0x00000000c0000000, 0x00000000c2700000, 0x00000000eab00000)
  object space 39936K, 11% used [0x00000000c0000000,0x00000000c045d508,0x00000000c2700000)
 Metaspace       used 4932K, capacity 6352K, committed 6528K, reserved 1056768K
  class space    used 495K, capacity 584K, committed 640K, reserved 1048576K
Event: 1.267 GC heap after
Heap after GC invocations=2 (full 0):
 PSYoungGen      total 32768K, used 2039K [0x00000000eab00000, 0x00000000ecd00000, 0x0000000100000000)
  eden space 30720K, 0% used [0x00000000eab00000,0x00000000eab00000,0x00000000ec900000)
  from space 2048K, 99% used [0x00000000ecb00000,0x00000000eccfdf08,0x00000000ecd00000)
  to   space 2048K, 0% used [0x00000000ec900000,0x00000000ec900000,0x00000000ecb00000)
 ParOldGen       total 39936K, used 8171K [0x00000000c0000000, 0x00000000c2700000, 0x00000000eab00000)
  object space 39936K, 20% used [0x00000000c0000000,0x00000000c07faf50,0x00000000c2700000)
 Metaspace       used 4932K, capacity 6352K, committed 6528K, reserved 1056768K
  class space    used 495K, capacity 584K, committed 640K, reserved 1048576K
}
Event: 2.098 GC heap before
{Heap before GC invocations=3 (full 0):
 PSYoungGen      total 32768K, used 32319K [0x00000000eab00000, 0x00000000ecd00000, 0x0000000100000000)
  eden space 30720K, 98% used [0x00000000eab00000,0x00000000ec8920c0,0x00000000ec900000)
  from space 2048K, 99% used [0x00000000ecb00000,0x00000000eccfdf08,0x00000000ecd00000)
  to   space 2048K, 0% used [0x00000000ec900000,0x00000000ec900000,0x00000000ecb00000)
 ParOldGen       total 39936K, used 8171K [0x00000000c0000000, 0x00000000c2700000, 0x00000000eab00000)
  object space 39936K, 20% used [0x00000000c0000000,0x00000000c07faf50,0x00000000c2700000)
 Metaspace       used 6888K, capacity 7320K, committed 7424K, reserved 1056768K
  class space    used 696K, capacity 720K, committed 768K, reserved 1048576K
Event: 2.113 GC heap after
Heap after GC invocations=3 (full 0):
 PSYoungGen      total 32768K, used 2038K [0x00000000eab00000, 0x00000000eeb00000, 0x0000000100000000)
  eden space 30720K, 0% used [0x00000000eab00000,0x00000000eab00000,0x00000000ec900000)
  from space 2048K, 99% used [0x00000000ec900000,0x00000000ecafd9a0,0x00000000ecb00000)
  to   space 2048K, 0% used [0x00000000ee900000,0x00000000ee900000,0x00000000eeb00000)
 ParOldGen       total 39936K, used 13896K [0x00000000c0000000, 0x00000000c2700000, 0x00000000eab00000)
  object space 39936K, 34% used [0x00000000c0000000,0x00000000c0d92358,0x00000000c2700000)
 Metaspace       used 6888K, capacity 7320K, committed 7424K, reserved 1056768K
  class space    used 696K, capacity 720K, committed 768K, reserved 1048576K
}
Event: 2.253 GC heap before
{Heap before GC invocations=4 (full 0):
 PSYoungGen      total 32768K, used 25940K [0x00000000eab00000, 0x00000000eeb00000, 0x0000000100000000)
  eden space 30720K, 77% used [0x00000000eab00000,0x00000000ec2577a8,0x00000000ec900000)
  from space 2048K, 99% used [0x00000000ec900000,0x00000000ecafd9a0,0x00000000ecb00000)
  to   space 2048K, 0% used [0x00000000ee900000,0x00000000ee900000,0x00000000eeb00000)
 ParOldGen       total 39936K, used 13896K [0x00000000c0000000, 0x00000000c2700000, 0x00000000eab00000)
  object space 39936K, 34% used [0x00000000c0000000,0x00000000c0d92358,0x00000000c2700000)
 Metaspace       used 6917K, capacity 7384K, committed 7680K, reserved 1056768K
  class space    used 697K, capacity 720K, committed 768K, reserved 1048576K
Event: 2.278 GC heap after
Heap after GC invocations=4 (full 0):
 PSYoungGen      total 63488K, used 2033K [0x00000000eab00000, 0x00000000eeb00000, 0x0000000100000000)
  eden space 61440K, 0% used [0x00000000eab00000,0x00000000eab00000,0x00000000ee700000)
  from space 2048K, 99% used [0x00000000ee900000,0x00000000eeafc6b8,0x00000000eeb00000)
  to   space 2048K, 0% used [0x00000000ee700000,0x00000000ee700000,0x00000000ee900000)
 ParOldGen       total 39936K, used 21132K [0x00000000c0000000, 0x00000000c2700000, 0x00000000eab00000)
  object space 39936K, 52% used [0x00000000c0000000,0x00000000c14a3278,0x00000000c2700000)
 Metaspace       used 6917K, capacity 7384K, committed 7680K, reserved 1056768K
  class space    used 697K, capacity 720K, committed 768K, reserved 1048576K
}
Event: 2.619 GC heap before
{Heap before GC invocations=5 (full 0):
 PSYoungGen      total 63488K, used 63473K [0x00000000eab00000, 0x00000000eeb00000, 0x0000000100000000)
  eden space 61440K, 100% used [0x00000000eab00000,0x00000000ee700000,0x00000000ee700000)
  from space 2048K, 99% used [0x00000000ee900000,0x00000000eeafc6b8,0x00000000eeb00000)
  to   space 2048K, 0% used [0x00000000ee700000,0x00000000ee700000,0x00000000ee900000)
 ParOldGen       total 39936K, used 21132K [0x00000000c0000000, 0x00000000c2700000, 0x00000000eab00000)
  object space 39936K, 52% used [0x00000000c0000000,0x00000000c14a3278,0x00000000c2700000)
 Metaspace       used 6945K, capacity 7384K, committed 7680K, reserved 1056768K
  class space    used 697K, capacity 720K, committed 768K, reserved 1048576K

Deoptimization events (10 events):
Event: 1.921 Thread 0x00007fe86c00a000 Uncommon trap: reason=predicate action=maybe_recompile pc=0x00007fe85d4e43d0 method=com.android.dex.Leb128.readUnsignedLeb128(Lcom/android/dex/util/ByteInput;)I @ 41
Event: 2.030 Thread 0x00007fe86c00a000 Uncommon trap: reason=unstable_if action=reinterpret pc=0x00007fe85d38b528 method=java.util.HashMap.getNode(ILjava/lang/Object;)Ljava/util/HashMap$Node; @ 84
Event: 2.035 Thread 0x00007fe86c00a000 Uncommon trap: reason=unstable_if action=reinterpret pc=0x00007fe85d3a0eec method=java.util.HashMap.getNode(ILjava/lang/Object;)Ljava/util/HashMap$Node; @ 84
Event: 2.281 Thread 0x00007fe86c00a000 Uncommon trap: reason=unstable_if action=reinterpret pc=0x00007fe85d52fe30 method=com.android.dex.Mutf8.decode(Lcom/android/dex/util/ByteInput;[C)Ljava/lang/String; @ 37
Event: 2.281 Thread 0x00007fe86c00a000 Uncommon trap: reason=unstable_if action=reinterpret pc=0x00007fe85d55dea4 method=com.android.dex.Mutf8.countBytes(Ljava/lang/String;Z)J @ 35
Event: 2.281 Thread 0x00007fe86c00a000 Uncommon trap: reason=unstable_if action=reinterpret pc=0x00007fe85d47b69c method=com.android.dex.Mutf8.encode([BILjava/lang/String;)V @ 31
Event: 2.281 Thread 0x00007fe86c00a000 Uncommon trap: reason=unstable_if action=reinterpret pc=0x00007fe85d481d28 method=com.android.dex.Mutf8.decode(Lcom/android/dex/util/ByteInput;[C)Ljava/lang/String; @ 37
Event: 2.282 Thread 0x00007fe86c00a000 Uncommon trap: reason=unstable_if action=reinterpret pc=0x00007fe85d55902c method=com.android.dex.Mutf8.countBytes(Ljava/lang/String;Z)J @ 35
Event: 2.282 Thread 0x00007fe86c00a000 Uncommon trap: reason=unstable_if action=reinterpret pc=0x00007fe85d575470 method=com.android.dex.Mutf8.countBytes(Ljava/lang/String;Z)J @ 35
Event: 2.282 Thread 0x00007fe86c00a000 Uncommon trap: reason=unstable_if action=reinterpret pc=0x00007fe85d472358 method=com.android.dex.Mutf8.countBytes(Ljava/lang/String;Z)J @ 35

Internal exceptions (6 events):
Event: 0.286 Thread 0x00007fe86c00a000 Exception <a 'java/lang/NoSuchMethodError': Method sun.misc.Unsafe.defineClass(Ljava/lang/String;[BII)Ljava/lang/Class; name or signature does not match> (0x00000000eab12a38) thrown at [/RE-WORK/workspace/8-2-build-linux-amd64/jdk8u45/3457/hotspot/src/sha
Event: 0.286 Thread 0x00007fe86c00a000 Exception <a 'java/lang/NoSuchMethodError': Method sun.misc.Unsafe.prefetchRead(Ljava/lang/Object;J)V name or signature does not match> (0x00000000eab12cc8) thrown at [/RE-WORK/workspace/8-2-build-linux-amd64/jdk8u45/3457/hotspot/src/share/vm/prims/jni.cp
Event: 1.777 Thread 0x00007fe86c00a000 Exception <a 'java/security/PrivilegedActionException'> (0x00000000eb8779e8) thrown at [/RE-WORK/workspace/8-2-build-linux-amd64/jdk8u45/3457/hotspot/src/share/vm/prims/jvm.cpp, line 1382]
Event: 1.777 Thread 0x00007fe86c00a000 Exception <a 'java/security/PrivilegedActionException'> (0x00000000eb877d30) thrown at [/RE-WORK/workspace/8-2-build-linux-amd64/jdk8u45/3457/hotspot/src/share/vm/prims/jvm.cpp, line 1382]
Event: 1.777 Thread 0x00007fe86c00a000 Exception <a 'java/security/PrivilegedActionException'> (0x00000000eb87a3e0) thrown at [/RE-WORK/workspace/8-2-build-linux-amd64/jdk8u45/3457/hotspot/src/share/vm/prims/jvm.cpp, line 1382]
Event: 1.777 Thread 0x00007fe86c00a000 Exception <a 'java/security/PrivilegedActionException'> (0x00000000eb87a728) thrown at [/RE-WORK/workspace/8-2-build-linux-amd64/jdk8u45/3457/hotspot/src/share/vm/prims/jvm.cpp, line 1382]

Events (10 events):
Event: 2.459 Thread 0x00007fe86c00a000 DEOPT UNPACKING pc=0x00007fe85d047633 sp=0x00007fe873d5df70 mode 0
Event: 2.461 Thread 0x00007fe86c00a000 DEOPT PACKING pc=0x00007fe85d51f24e sp=0x00007fe873d5e230
Event: 2.461 Thread 0x00007fe86c00a000 DEOPT UNPACKING pc=0x00007fe85d047633 sp=0x00007fe873d5df70 mode 0
Event: 2.462 Thread 0x00007fe86c00a000 DEOPT PACKING pc=0x00007fe85d51f24e sp=0x00007fe873d5e230
Event: 2.462 Thread 0x00007fe86c00a000 DEOPT UNPACKING pc=0x00007fe85d047633 sp=0x00007fe873d5df70 mode 0
Event: 2.464 Thread 0x00007fe86c00a000 DEOPT PACKING pc=0x00007fe85d51f24e sp=0x00007fe873d5e230
Event: 2.464 Thread 0x00007fe86c00a000 DEOPT UNPACKING pc=0x00007fe85d047633 sp=0x00007fe873d5df70 mode 0
Event: 2.465 Thread 0x00007fe86c00a000 DEOPT PACKING pc=0x00007fe85d51f24e sp=0x00007fe873d5e230
Event: 2.465 Thread 0x00007fe86c00a000 DEOPT UNPACKING pc=0x00007fe85d047633 sp=0x00007fe873d5df70 mode 0
Event: 2.619 Executing VM operation: ParallelGCFailedAllocation


Dynamic libraries:
00400000-00401000 r-xp 00000000 08:09 1855421                            /usr/lib/jvm/java-8-oracle/jre/bin/java
00600000-00601000 rw-p 00000000 08:09 1855421                            /usr/lib/jvm/java-8-oracle/jre/bin/java
01ab2000-01ad3000 rw-p 00000000 00:00 0                                  [heap]
c0000000-c2e00000 rw-p 00000000 00:00 0 
c2e00000-eab00000 ---p 00000000 00:00 0 
eab00000-eeb00000 rw-p 00000000 00:00 0 
f4d00000-100000000 ---p 00000000 00:00 0 
100000000-1000c0000 rw-p 00000000 00:00 0 
1000c0000-140000000 ---p 00000000 00:00 0 
7fe820000000-7fe820021000 rw-p 00000000 00:00 0 
7fe820021000-7fe824000000 ---p 00000000 00:00 0 
7fe824000000-7fe824021000 rw-p 00000000 00:00 0 
7fe824021000-7fe828000000 ---p 00000000 00:00 0 
7fe828000000-7fe828a02000 rw-p 00000000 00:00 0 
7fe828a02000-7fe82c000000 ---p 00000000 00:00 0 
7fe82c000000-7fe82c6d7000 rw-p 00000000 00:00 0 
7fe82c6d7000-7fe830000000 ---p 00000000 00:00 0 
7fe830000000-7fe830021000 rw-p 00000000 00:00 0 
7fe830021000-7fe834000000 ---p 00000000 00:00 0 
7fe834000000-7fe83486d000 rw-p 00000000 00:00 0 
7fe83486d000-7fe838000000 ---p 00000000 00:00 0 
7fe838000000-7fe838021000 rw-p 00000000 00:00 0 
7fe838021000-7fe83c000000 ---p 00000000 00:00 0 
7fe83c000000-7fe83c021000 rw-p 00000000 00:00 0 
7fe83c021000-7fe840000000 ---p 00000000 00:00 0 
7fe840000000-7fe840021000 rw-p 00000000 00:00 0 
7fe840021000-7fe844000000 ---p 00000000 00:00 0 
7fe844000000-7fe84428a000 rw-p 00000000 00:00 0 
7fe84428a000-7fe848000000 ---p 00000000 00:00 0 
7fe848000000-7fe848021000 rw-p 00000000 00:00 0 
7fe848021000-7fe84c000000 ---p 00000000 00:00 0 
7fe850000000-7fe850021000 rw-p 00000000 00:00 0 
7fe850021000-7fe854000000 ---p 00000000 00:00 0 
7fe8549ef000-7fe8549f0000 ---p 00000000 00:00 0 
7fe8549f0000-7fe854af0000 rw-p 00000000 00:00 0                          [stack:4564]
7fe854af0000-7fe854af3000 ---p 00000000 00:00 0 
7fe854af3000-7fe854bf1000 rw-p 00000000 00:00 0                          [stack:4563]
7fe854bf1000-7fe854bf4000 ---p 00000000 00:00 0 
7fe854bf4000-7fe854cf2000 rw-p 00000000 00:00 0                          [stack:4562]
7fe854cf2000-7fe854cf5000 ---p 00000000 00:00 0 
7fe854cf5000-7fe854df3000 rw-p 00000000 00:00 0                          [stack:4561]
7fe854df3000-7fe854df6000 ---p 00000000 00:00 0 
7fe854df6000-7fe854ef4000 rw-p 00000000 00:00 0                          [stack:4560]
7fe854ef4000-7fe854ef7000 ---p 00000000 00:00 0 
7fe854ef7000-7fe854ff5000 rw-p 00000000 00:00 0                          [stack:4559]
7fe854ff5000-7fe8553f4000 r--p 00000000 08:09 1835774                    /usr/lib/locale/locale-archive
7fe8553f4000-7fe8553f7000 ---p 00000000 00:00 0 
7fe8553f7000-7fe8554f5000 rw-p 00000000 00:00 0                          [stack:4558]
7fe8554f5000-7fe8554f8000 ---p 00000000 00:00 0 
7fe8554f8000-7fe8555f6000 rw-p 00000000 00:00 0                          [stack:4557]
7fe8555f6000-7fe8555f7000 ---p 00000000 00:00 0 
7fe8555f7000-7fe858000000 rw-p 00000000 00:00 0                          [stack:4556]
7fe858000000-7fe858021000 rw-p 00000000 00:00 0 
7fe858021000-7fe85c000000 ---p 00000000 00:00 0 
7fe85c021000-7fe85c627000 rw-p 00000000 00:00 0 
7fe85c627000-7fe85c800000 r--s 03d09000 08:09 1855144                    /usr/lib/jvm/java-8-oracle/jre/lib/rt.jar
7fe85c800000-7fe85cec0000 rw-p 00000000 00:00 0 
7fe85cec0000-7fe85d000000 ---p 00000000 00:00 0 
7fe85d000000-7fe85d620000 rwxp 00000000 00:00 0 
7fe85d620000-7fe86c000000 ---p 00000000 00:00 0 
7fe86c000000-7fe86c457000 rw-p 00000000 00:00 0 
7fe86c457000-7fe870000000 ---p 00000000 00:00 0 
7fe87005b000-7fe87005c000 rw-p 00000000 00:00 0 
7fe87005c000-7fe870067000 r--s 00116000 08:09 1855114                    /usr/lib/jvm/java-8-oracle/jre/lib/ext/localedata.jar
7fe870067000-7fe8702dd000 rw-p 00000000 00:00 0 
7fe8702dd000-7fe8702de000 ---p 00000000 00:00 0 
7fe8702de000-7fe8703de000 rw-p 00000000 00:00 0                          [stack:4555]
7fe8703de000-7fe8703df000 ---p 00000000 00:00 0 
7fe8703df000-7fe8704df000 rw-p 00000000 00:00 0                          [stack:4554]
7fe8704df000-7fe8704e0000 ---p 00000000 00:00 0 
7fe8704e0000-7fe8705e0000 rw-p 00000000 00:00 0                          [stack:4553]
7fe8705e0000-7fe8705e1000 ---p 00000000 00:00 0 
7fe8705e1000-7fe8706f8000 rw-p 00000000 00:00 0                          [stack:4552]
7fe8706f8000-7fe870837000 ---p 00000000 00:00 0 
7fe870837000-7fe87084e000 rw-p 00000000 00:00 0 
7fe87084e000-7fe87098c000 ---p 00000000 00:00 0 
7fe87098c000-7fe8709ad000 rw-p 00000000 00:00 0 
7fe8709ad000-7fe870a37000 ---p 00000000 00:00 0 
7fe870a37000-7fe870a51000 rw-p 00000000 00:00 0 
7fe870a51000-7fe870df8000 ---p 00000000 00:00 0 
7fe870df8000-7fe870e12000 r-xp 00000000 08:09 1855199                    /usr/lib/jvm/java-8-oracle/jre/lib/amd64/libzip.so
7fe870e12000-7fe871012000 ---p 0001a000 08:09 1855199                    /usr/lib/jvm/java-8-oracle/jre/lib/amd64/libzip.so
7fe871012000-7fe871013000 rw-p 0001a000 08:09 1855199                    /usr/lib/jvm/java-8-oracle/jre/lib/amd64/libzip.so
7fe871013000-7fe87101e000 r-xp 00000000 08:09 658511                     /lib/x86_64-linux-gnu/libnss_files-2.19.so
7fe87101e000-7fe87121d000 ---p 0000b000 08:09 658511                     /lib/x86_64-linux-gnu/libnss_files-2.19.so
7fe87121d000-7fe87121e000 r--p 0000a000 08:09 658511                     /lib/x86_64-linux-gnu/libnss_files-2.19.so
7fe87121e000-7fe87121f000 rw-p 0000b000 08:09 658511                     /lib/x86_64-linux-gnu/libnss_files-2.19.so
7fe87121f000-7fe87122a000 r-xp 00000000 08:09 658521                     /lib/x86_64-linux-gnu/libnss_nis-2.19.so
7fe87122a000-7fe871429000 ---p 0000b000 08:09 658521                     /lib/x86_64-linux-gnu/libnss_nis-2.19.so
7fe871429000-7fe87142a000 r--p 0000a000 08:09 658521                     /lib/x86_64-linux-gnu/libnss_nis-2.19.so
7fe87142a000-7fe87142b000 rw-p 0000b000 08:09 658521                     /lib/x86_64-linux-gnu/libnss_nis-2.19.so
7fe87142b000-7fe871442000 r-xp 00000000 08:09 658505                     /lib/x86_64-linux-gnu/libnsl-2.19.so
7fe871442000-7fe871641000 ---p 00017000 08:09 658505                     /lib/x86_64-linux-gnu/libnsl-2.19.so
7fe871641000-7fe871642000 r--p 00016000 08:09 658505                     /lib/x86_64-linux-gnu/libnsl-2.19.so
7fe871642000-7fe871643000 rw-p 00017000 08:09 658505                     /lib/x86_64-linux-gnu/libnsl-2.19.so
7fe871643000-7fe871645000 rw-p 00000000 00:00 0 
7fe871645000-7fe87164e000 r-xp 00000000 08:09 658507                     /lib/x86_64-linux-gnu/libnss_compat-2.19.so
7fe87164e000-7fe87184d000 ---p 00009000 08:09 658507                     /lib/x86_64-linux-gnu/libnss_compat-2.19.so
7fe87184d000-7fe87184e000 r--p 00008000 08:09 658507                     /lib/x86_64-linux-gnu/libnss_compat-2.19.so
7fe87184e000-7fe87184f000 rw-p 00009000 08:09 658507                     /lib/x86_64-linux-gnu/libnss_compat-2.19.so
7fe87184f000-7fe871879000 r-xp 00000000 08:09 1855213                    /usr/lib/jvm/java-8-oracle/jre/lib/amd64/libjava.so
7fe871879000-7fe871a79000 ---p 0002a000 08:09 1855213                    /usr/lib/jvm/java-8-oracle/jre/lib/amd64/libjava.so
7fe871a79000-7fe871a7b000 rw-p 0002a000 08:09 1855213                    /usr/lib/jvm/java-8-oracle/jre/lib/amd64/libjava.so
7fe871a7b000-7fe871a88000 r-xp 00000000 08:09 1855192                    /usr/lib/jvm/java-8-oracle/jre/lib/amd64/libverify.so
7fe871a88000-7fe871c88000 ---p 0000d000 08:09 1855192                    /usr/lib/jvm/java-8-oracle/jre/lib/amd64/libverify.so
7fe871c88000-7fe871c8a000 rw-p 0000d000 08:09 1855192                    /usr/lib/jvm/java-8-oracle/jre/lib/amd64/libverify.so
7fe871c8a000-7fe871c91000 r-xp 00000000 08:09 658564                     /lib/x86_64-linux-gnu/librt-2.19.so
7fe871c91000-7fe871e90000 ---p 00007000 08:09 658564                     /lib/x86_64-linux-gnu/librt-2.19.so
7fe871e90000-7fe871e91000 r--p 00006000 08:09 658564                     /lib/x86_64-linux-gnu/librt-2.19.so
7fe871e91000-7fe871e92000 rw-p 00007000 08:09 658564                     /lib/x86_64-linux-gnu/librt-2.19.so
7fe871e92000-7fe871f97000 r-xp 00000000 08:09 658486                     /lib/x86_64-linux-gnu/libm-2.19.so
7fe871f97000-7fe872196000 ---p 00105000 08:09 658486                     /lib/x86_64-linux-gnu/libm-2.19.so
7fe872196000-7fe872197000 r--p 00104000 08:09 658486                     /lib/x86_64-linux-gnu/libm-2.19.so
7fe872197000-7fe872198000 rw-p 00105000 08:09 658486                     /lib/x86_64-linux-gnu/libm-2.19.so
7fe872198000-7fe872e46000 r-xp 00000000 08:09 1855225                    /usr/lib/jvm/java-8-oracle/jre/lib/amd64/server/libjvm.so
7fe872e46000-7fe873045000 ---p 00cae000 08:09 1855225                    /usr/lib/jvm/java-8-oracle/jre/lib/amd64/server/libjvm.so
7fe873045000-7fe87311c000 rw-p 00cad000 08:09 1855225                    /usr/lib/jvm/java-8-oracle/jre/lib/amd64/server/libjvm.so
7fe87311c000-7fe873160000 rw-p 00000000 00:00 0 
7fe873160000-7fe87331b000 r-xp 00000000 08:09 658436                     /lib/x86_64-linux-gnu/libc-2.19.so
7fe87331b000-7fe87351a000 ---p 001bb000 08:09 658436                     /lib/x86_64-linux-gnu/libc-2.19.so
7fe87351a000-7fe87351e000 r--p 001ba000 08:09 658436                     /lib/x86_64-linux-gnu/libc-2.19.so
7fe87351e000-7fe873520000 rw-p 001be000 08:09 658436                     /lib/x86_64-linux-gnu/libc-2.19.so
7fe873520000-7fe873525000 rw-p 00000000 00:00 0 
7fe873525000-7fe873528000 r-xp 00000000 08:09 658453                     /lib/x86_64-linux-gnu/libdl-2.19.so
7fe873528000-7fe873727000 ---p 00003000 08:09 658453                     /lib/x86_64-linux-gnu/libdl-2.19.so
7fe873727000-7fe873728000 r--p 00002000 08:09 658453                     /lib/x86_64-linux-gnu/libdl-2.19.so
7fe873728000-7fe873729000 rw-p 00003000 08:09 658453                     /lib/x86_64-linux-gnu/libdl-2.19.so
7fe873729000-7fe87373e000 r-xp 00000000 08:09 1855212                    /usr/lib/jvm/java-8-oracle/jre/lib/amd64/jli/libjli.so
7fe87373e000-7fe87393e000 ---p 00015000 08:09 1855212                    /usr/lib/jvm/java-8-oracle/jre/lib/amd64/jli/libjli.so
7fe87393e000-7fe87393f000 rw-p 00015000 08:09 1855212                    /usr/lib/jvm/java-8-oracle/jre/lib/amd64/jli/libjli.so
7fe87393f000-7fe873958000 r-xp 00000000 08:09 658556                     /lib/x86_64-linux-gnu/libpthread-2.19.so
7fe873958000-7fe873b57000 ---p 00019000 08:09 658556                     /lib/x86_64-linux-gnu/libpthread-2.19.so
7fe873b57000-7fe873b58000 r--p 00018000 08:09 658556                     /lib/x86_64-linux-gnu/libpthread-2.19.so
7fe873b58000-7fe873b59000 rw-p 00019000 08:09 658556                     /lib/x86_64-linux-gnu/libpthread-2.19.so
7fe873b59000-7fe873b5d000 rw-p 00000000 00:00 0 
7fe873b5d000-7fe873b80000 r-xp 00000000 08:09 658412                     /lib/x86_64-linux-gnu/ld-2.19.so
7fe873b80000-7fe873b9c000 r--s 00393000 08:09 1855111                    /usr/lib/jvm/java-8-oracle/jre/lib/ext/cldrdata.jar
7fe873b9c000-7fe873ba1000 r--s 00094000 08:09 1855094                    /usr/lib/jvm/java-8-oracle/jre/lib/jsse.jar
7fe873ba1000-7fe873c5f000 rw-p 00000000 00:00 0 
7fe873c5f000-7fe873c62000 ---p 00000000 00:00 0 
7fe873c62000-7fe873d64000 rw-p 00000000 00:00 0                          [stack:4551]
7fe873d64000-7fe873d73000 r--s 000dd000 08:09 1321064                    /home/genesis/Android/Sdk/build-tools/21.1.2/lib/dx.jar
7fe873d73000-7fe873d7b000 rw-s 00000000 08:09 1725142                    /tmp/hsperfdata_genesis/4543
7fe873d7b000-7fe873d7c000 rw-p 00000000 00:00 0 
7fe873d7c000-7fe873d7d000 ---p 00000000 00:00 0 
7fe873d7d000-7fe873d7f000 rw-p 00000000 00:00 0 
7fe873d7f000-7fe873d80000 r--p 00022000 08:09 658412                     /lib/x86_64-linux-gnu/ld-2.19.so
7fe873d80000-7fe873d81000 rw-p 00023000 08:09 658412                     /lib/x86_64-linux-gnu/ld-2.19.so
7fe873d81000-7fe873d82000 rw-p 00000000 00:00 0 
7fff99097000-7fff990b8000 rw-p 00000000 00:00 0                          [stack]
7fff9914c000-7fff9914e000 r-xp 00000000 00:00 0                          [vdso]
7fff9914e000-7fff99150000 r--p 00000000 00:00 0                          [vvar]
ffffffffff600000-ffffffffff601000 r-xp 00000000 00:00 0                  [vsyscall]

VM Arguments:
jvm_args: -Xmx1024M 
java_command: /home/genesis/Android/Sdk/build-tools/21.1.2/lib/dx.jar --dex --no-optimize --output /home/genesis/Documents/Code/192/droidCal/ElevenFifty-Nine/app/build/intermediates/dex/debug --input-list=/home/genesis/Documents/Code/192/droidCal/ElevenFifty-Nine/app/build/intermediates/tmp/dex/debug/inputList.txt
java_class_path (initial): /home/genesis/Android/Sdk/build-tools/21.1.2/lib/dx.jar
Launcher Type: SUN_STANDARD

Environment Variables:
CLASSPATH=/home/genesis/android-studio/bin/../lib/bootstrap.jar:/home/genesis/android-studio/bin/../lib/extensions.jar:/home/genesis/android-studio/bin/../lib/util.jar:/home/genesis/android-studio/bin/../lib/jdom.jar:/home/genesis/android-studio/bin/../lib/log4j.jar:/home/genesis/android-studio/bin/../lib/trove4j.jar:/home/genesis/android-studio/bin/../lib/jna.jar:/usr/lib/jvm/java-8-oracle/lib/tools.jar
PATH=/usr/local/sbin:/usr/local/bin:/usr/sbin:/usr/bin:/sbin:/bin:/usr/games:/usr/local/games
LD_LIBRARY_PATH=/home/genesis/android-studio/bin:
SHELL=/bin/bash
DISPLAY=:0

Signal Handlers:
SIGSEGV: [libjvm.so+0xaad1e0], sa_mask[0]=11111111011111111101111111111110, sa_flags=SA_RESTART|SA_SIGINFO
SIGBUS: [libjvm.so+0xaad1e0], sa_mask[0]=11111111011111111101111111111110, sa_flags=SA_RESTART|SA_SIGINFO
SIGFPE: [libjvm.so+0x90b450], sa_mask[0]=11111111011111111101111111111110, sa_flags=SA_RESTART|SA_SIGINFO
SIGPIPE: [libjvm.so+0x90b450], sa_mask[0]=11111111011111111101111111111110, sa_flags=SA_RESTART|SA_SIGINFO
SIGXFSZ: [libjvm.so+0x90b450], sa_mask[0]=11111111011111111101111111111110, sa_flags=SA_RESTART|SA_SIGINFO
SIGILL: [libjvm.so+0x90b450], sa_mask[0]=11111111011111111101111111111110, sa_flags=SA_RESTART|SA_SIGINFO
SIGUSR1: SIG_DFL, sa_mask[0]=00000000000000000000000000000000, sa_flags=none
SIGUSR2: [libjvm.so+0x90ca90], sa_mask[0]=00100000000000000000000000000000, sa_flags=SA_RESTART|SA_SIGINFO
SIGHUP: [libjvm.so+0x90dde0], sa_mask[0]=11111111011111111101111111111110, sa_flags=SA_RESTART|SA_SIGINFO
SIGINT: [libjvm.so+0x90dde0], sa_mask[0]=11111111011111111101111111111110, sa_flags=SA_RESTART|SA_SIGINFO
SIGTERM: [libjvm.so+0x90dde0], sa_mask[0]=11111111011111111101111111111110, sa_flags=SA_RESTART|SA_SIGINFO
SIGQUIT: [libjvm.so+0x90dde0], sa_mask[0]=11111111011111111101111111111110, sa_flags=SA_RESTART|SA_SIGINFO


---------------  S Y S T E M  ---------------

OS:DISTRIB_ID="elementary OS"
DISTRIB_RELEASE=0.3
DISTRIB_CODENAME=freya
DISTRIB_DESCRIPTION="elementary OS Freya"

uname:Linux 3.16.0-37-generic #49~14.04.1-Ubuntu SMP Thu Apr 30 10:52:28 UTC 2015 x86_64
libc:glibc 2.19 NPTL 2.19 
rlimit: STACK 8192k, CORE 0k, NPROC 14298, NOFILE 4096, AS infinity
load average:3.31 1.52 1.05

/proc/meminfo:
MemTotal:        3763208 kB
MemFree:          108372 kB
MemAvailable:      62024 kB
Buffers:             340 kB
Cached:           289268 kB
SwapCached:            0 kB
Active:          3199076 kB
Inactive:         244736 kB
Active(anon):    3192324 kB
Inactive(anon):   206744 kB
Active(file):       6752 kB
Inactive(file):    37992 kB
Unevictable:         192 kB
Mlocked:             192 kB
SwapTotal:             0 kB
SwapFree:              0 kB
Dirty:               252 kB
Writeback:             0 kB
AnonPages:       3154652 kB
Mapped:           125944 kB
Shmem:            244608 kB
Slab:              70760 kB
SReclaimable:      31492 kB
SUnreclaim:        39268 kB
KernelStack:       10992 kB
PageTables:        56916 kB
NFS_Unstable:          0 kB
Bounce:                0 kB
WritebackTmp:          0 kB
CommitLimit:     1881604 kB
Committed_AS:    8048952 kB
VmallocTotal:   34359738367 kB
VmallocUsed:      596996 kB
VmallocChunk:   34359132148 kB
HardwareCorrupted:     0 kB
AnonHugePages:    768000 kB
HugePages_Total:       0
HugePages_Free:        0
HugePages_Rsvd:        0
HugePages_Surp:        0
Hugepagesize:       2048 kB
DirectMap4k:      109312 kB
DirectMap2M:     2750464 kB
DirectMap1G:     1048576 kB


CPU:total 4 (2 cores per cpu, 2 threads per core) family 6 model 69 stepping 1, cmov, cx8, fxsr, mmx, sse, sse2, sse3, ssse3, sse4.1, sse4.2, popcnt, avx, avx2, aes, clmul, erms, lzcnt, ht, tsc, tscinvbit, bmi1, bmi2

/proc/cpuinfo:
processor	: 0
vendor_id	: GenuineIntel
cpu family	: 6
model		: 69
model name	: Intel(R) Core(TM) i5-4200U CPU @ 1.60GHz
stepping	: 1
microcode	: 0x10
cpu MHz		: 1553.667
cache size	: 3072 KB
physical id	: 0
siblings	: 4
core id		: 0
cpu cores	: 2
apicid		: 0
initial apicid	: 0
fpu		: yes
fpu_exception	: yes
cpuid level	: 13
wp		: yes
flags		: fpu vme de pse tsc msr pae mce cx8 apic sep mtrr pge mca cmov pat pse36 clflush dts acpi mmx fxsr sse sse2 ss ht tm pbe syscall nx pdpe1gb rdtscp lm constant_tsc arch_perfmon pebs bts rep_good nopl xtopology nonstop_tsc aperfmperf eagerfpu pni pclmulqdq dtes64 monitor ds_cpl vmx est tm2 ssse3 fma cx16 xtpr pdcm pcid sse4_1 sse4_2 movbe popcnt tsc_deadline_timer aes xsave avx f16c rdrand lahf_lm abm ida arat epb xsaveopt pln pts dtherm tpr_shadow vnmi flexpriority ept vpid fsgsbase tsc_adjust bmi1 avx2 smep bmi2 erms invpcid
bogomips	: 4589.53
clflush size	: 64
cache_alignment	: 64
address sizes	: 39 bits physical, 48 bits virtual
power management:

processor	: 1
vendor_id	: GenuineIntel
cpu family	: 6
model		: 69
model name	: Intel(R) Core(TM) i5-4200U CPU @ 1.60GHz
stepping	: 1
microcode	: 0x10
cpu MHz		: 1872.792
cache size	: 3072 KB
physical id	: 0
siblings	: 4
core id		: 0
cpu cores	: 2
apicid		: 1
initial apicid	: 1
fpu		: yes
fpu_exception	: yes
cpuid level	: 13
wp		: yes
flags		: fpu vme de pse tsc msr pae mce cx8 apic sep mtrr pge mca cmov pat pse36 clflush dts acpi mmx fxsr sse sse2 ss ht tm pbe syscall nx pdpe1gb rdtscp lm constant_tsc arch_perfmon pebs bts rep_good nopl xtopology nonstop_tsc aperfmperf eagerfpu pni pclmulqdq dtes64 monitor ds_cpl vmx est tm2 ssse3 fma cx16 xtpr pdcm pcid sse4_1 sse4_2 movbe popcnt tsc_deadline_timer aes xsave avx f16c rdrand lahf_lm abm ida arat epb xsaveopt pln pts dtherm tpr_shadow vnmi flexpriority ept vpid fsgsbase tsc_adjust bmi1 avx2 smep bmi2 erms invpcid
bogomips	: 4589.53
clflush size	: 64
cache_alignment	: 64
address sizes	: 39 bits physical, 48 bits virtual
power management:

processor	: 2
vendor_id	: GenuineIntel
cpu family	: 6
model		: 69
model name	: Intel(R) Core(TM) i5-4200U CPU @ 1.60GHz
stepping	: 1
microcode	: 0x10
cpu MHz		: 2563.960
cache size	: 3072 KB
physical id	: 0
siblings	: 4
core id		: 1
cpu cores	: 2
apicid		: 2
initial apicid	: 2
fpu		: yes
fpu_exception	: yes
cpuid level	: 13
wp		: yes
flags		: fpu vme de pse tsc msr pae mce cx8 apic sep mtrr pge mca cmov pat pse36 clflush dts acpi mmx fxsr sse sse2 ss ht tm pbe syscall nx pdpe1gb rdtscp lm constant_tsc arch_perfmon pebs bts rep_good nopl xtopology nonstop_tsc aperfmperf eagerfpu pni pclmulqdq dtes64 monitor ds_cpl vmx est tm2 ssse3 fma cx16 xtpr pdcm pcid sse4_1 sse4_2 movbe popcnt tsc_deadline_timer aes xsave avx f16c rdrand lahf_lm abm ida arat epb xsaveopt pln pts dtherm tpr_shadow vnmi flexpriority ept vpid fsgsbase tsc_adjust bmi1 avx2 smep bmi2 erms invpcid
bogomips	: 4589.53
clflush size	: 64
cache_alignment	: 64
address sizes	: 39 bits physical, 48 bits virtual
power management:

processor	: 3
vendor_id	: GenuineIntel
cpu family	: 6
model		: 69
model name	: Intel(R) Core(TM) i5-4200U CPU @ 1.60GHz
stepping	: 1
microcode	: 0x10
cpu MHz		: 1670.285
cache size	: 3072 KB
physical id	: 0
siblings	: 4
core id		: 1
cpu cores	: 2
apicid		: 3
initial apicid	: 3
fpu		: yes
fpu_exception	: yes
cpuid level	: 13
wp		: yes
flags		: fpu vme de pse tsc msr pae mce cx8 apic sep mtrr pge mca cmov pat pse36 clflush dts acpi mmx fxsr sse sse2 ss ht tm pbe syscall nx pdpe1gb rdtscp lm constant_tsc arch_perfmon pebs bts rep_good nopl xtopology nonstop_tsc aperfmperf eagerfpu pni pclmulqdq dtes64 monitor ds_cpl vmx est tm2 ssse3 fma cx16 xtpr pdcm pcid sse4_1 sse4_2 movbe popcnt tsc_deadline_timer aes xsave avx f16c rdrand lahf_lm abm ida arat epb xsaveopt pln pts dtherm tpr_shadow vnmi flexpriority ept vpid fsgsbase tsc_adjust bmi1 avx2 smep bmi2 erms invpcid
bogomips	: 4589.53
clflush size	: 64
cache_alignment	: 64
address sizes	: 39 bits physical, 48 bits virtual
power management:



Memory: 4k page, physical 3763208k(108372k free), swap 0k(0k free)

vm_info: Java HotSpot(TM) 64-Bit Server VM (25.45-b02) for linux-amd64 JRE (1.8.0_45-b14), built on Apr 10 2015 10:07:45 by "java_re" with gcc 4.3.0 20080428 (Red Hat 4.3.0-8)

time: Fri May  8 10:28:41 2015
elapsed time: 8 seconds (0d 0h 0m 8s)

