#
# There is insufficient memory for the Java Runtime Environment to continue.
# Native memory allocation (mmap) failed to map 88080384 bytes for committing reserved memory.
# Possible reasons:
#   The system is out of physical RAM or swap space
#   In 32 bit mode, the process size limit was hit
# Possible solutions:
#   Reduce memory load on the system
#   Increase physical memory or swap space
#   Check if swap backing store is full
#   Use 64 bit Java on a 64 bit OS
#   Decrease Java heap size (-Xmx/-Xms)
#   Decrease number of Java threads
#   Decrease Java thread stack sizes (-Xss)
#   Set larger code cache with -XX:ReservedCodeCacheSize=
# This output file may be truncated or incomplete.
#
#  Out of Memory Error (os_linux.cpp:2673), pid=4495, tid=139643889608448
#
# JRE version: Java(TM) SE Runtime Environment (8.0_45-b14) (build 1.8.0_45-b14)
# Java VM: Java HotSpot(TM) 64-Bit Server VM (25.45-b02 mixed mode linux-amd64 compressed oops)
# Failed to write core dump. Core dumps have been disabled. To enable core dumping, try "ulimit -c unlimited" before starting Java again
#

---------------  T H R E A D  ---------------

Current thread (0x00007f017013f000):  VMThread [stack: 0x00007f01605f6000,0x00007f01606f7000] [id=4509]

Stack: [0x00007f01605f6000,0x00007f01606f7000],  sp=0x00007f01606f5160,  free space=1020k
Native frames: (J=compiled Java code, j=interpreted, Vv=VM code, C=native code)
V  [libjvm.so+0xaac99a]  VMError::report_and_die()+0x2ba
V  [libjvm.so+0x4f333b]  report_vm_out_of_memory(char const*, int, unsigned long, VMErrorType, char const*)+0x8b
V  [libjvm.so+0x90e7c3]  os::Linux::commit_memory_impl(char*, unsigned long, bool)+0x103
V  [libjvm.so+0x90ed19]  os::pd_commit_memory(char*, unsigned long, unsigned long, bool)+0x29
V  [libjvm.so+0x90867a]  os::commit_memory(char*, unsigned long, unsigned long, bool)+0x2a
V  [libjvm.so+0x97bac3]  PSVirtualSpace::expand_by(unsigned long)+0x53
V  [libjvm.so+0x97cec8]  PSYoungGen::resize_generation(unsigned long, unsigned long)+0xf8
V  [libjvm.so+0x97c022]  PSYoungGen::resize(unsigned long, unsigned long)+0x22
V  [libjvm.so+0x9792fb]  PSScavenge::invoke_no_policy()+0xf7b
V  [libjvm.so+0x979a81]  PSScavenge::invoke()+0x41
V  [libjvm.so+0x932050]  ParallelScavengeHeap::failed_mem_allocate(unsigned long)+0x70
V  [libjvm.so+0xaae1d7]  VM_ParallelGCFailedAllocation::doit()+0x97
V  [libjvm.so+0xab59c5]  VM_Operation::evaluate()+0x55
V  [libjvm.so+0xab3d9a]  VMThread::evaluate_operation(VM_Operation*)+0xba
V  [libjvm.so+0xab411e]  VMThread::loop()+0x1ce
V  [libjvm.so+0xab4590]  VMThread::run()+0x70
V  [libjvm.so+0x910de8]  java_start(Thread*)+0x108

VM_Operation (0x00007f0178d1fdf0): ParallelGCFailedAllocation, mode: safepoint, requested by thread 0x00007f017000a000


---------------  P R O C E S S  ---------------

Java Threads: ( => current thread )
  0x00007f0170191000 JavaThread "Service Thread" daemon [_thread_blocked, id=4516, stack(0x00007f01599ff000,0x00007f0159b00000)]
  0x00007f0170184000 JavaThread "C1 CompilerThread2" daemon [_thread_blocked, id=4515, stack(0x00007f0159b00000,0x00007f0159c01000)]
  0x00007f0170182000 JavaThread "C2 CompilerThread1" daemon [_thread_blocked, id=4514, stack(0x00007f01600f1000,0x00007f01601f2000)]
  0x00007f017017f000 JavaThread "C2 CompilerThread0" daemon [_thread_blocked, id=4513, stack(0x00007f01601f2000,0x00007f01602f3000)]
  0x00007f017017e000 JavaThread "Signal Dispatcher" daemon [_thread_blocked, id=4512, stack(0x00007f01602f3000,0x00007f01603f4000)]
  0x00007f0170146000 JavaThread "Finalizer" daemon [_thread_blocked, id=4511, stack(0x00007f01603f4000,0x00007f01604f5000)]
  0x00007f0170144000 JavaThread "Reference Handler" daemon [_thread_blocked, id=4510, stack(0x00007f01604f5000,0x00007f01605f6000)]
  0x00007f017000a000 JavaThread "main" [_thread_blocked, id=4504, stack(0x00007f0178c21000,0x00007f0178d22000)]

Other Threads:
=>0x00007f017013f000 VMThread [stack: 0x00007f01605f6000,0x00007f01606f7000] [id=4509]
  0x00007f0170193800 WatcherThread [stack: 0x00007f01598fe000,0x00007f01599ff000] [id=4517]

VM state:at safepoint (normal execution)

VM Mutex/Monitor currently owned by a thread:  ([mutex/lock_event])
[0x00007f01700061e0] Threads_lock - owner thread: 0x00007f017013f000
[0x00007f01700066e0] Heap_lock - owner thread: 0x00007f017000a000

Heap:
 PSYoungGen      total 63488K, used 1888K [0x00000000eab00000, 0x00000000eeb00000, 0x0000000100000000)
  eden space 61440K, 0% used [0x00000000eab00000,0x00000000eab00000,0x00000000ee700000)
  from space 2048K, 92% used [0x00000000ee700000,0x00000000ee8d8030,0x00000000ee900000)
  to   space 2048K, 0% used [0x00000000ee900000,0x00000000ee900000,0x00000000eeb00000)
 ParOldGen       total 70144K, used 18243K [0x00000000c0000000, 0x00000000c4480000, 0x00000000eab00000)
  object space 70144K, 26% used [0x00000000c0000000,0x00000000c11d0e38,0x00000000c4480000)
 Metaspace       used 6936K, capacity 7384K, committed 7680K, reserved 1056768K
  class space    used 697K, capacity 720K, committed 768K, reserved 1048576K

Card table byte_map: [0x00007f01757f9000,0x00007f01759fa000] byte_map_base: 0x00007f01751f9000

Marking Bits: (ParMarkBitMap*) 0x00007f01780f7760
 Begin Bits: [0x00007f015a000000, 0x00007f015b000000)
 End Bits:   [0x00007f015b000000, 0x00007f015c000000)

Polling page: 0x00007f0178d3e000

CodeCache: size=245760Kb used=6140Kb max_used=6142Kb free=239619Kb
 bounds [0x00007f0161000000, 0x00007f0161610000, 0x00007f0170000000]
 total_blobs=2144 nmethods=1851 adapters=207
 compilation: enabled

Compilation events (10 events):
Event: 3.580 Thread 0x00007f0170182000 nmethod 1857 0x00007f0161606490 code [0x00007f0161606600, 0x00007f0161606878]
Event: 3.580 Thread 0x00007f0170182000 1855       4       com.android.dx.merge.DexMerger::transformCode (252 bytes)
Event: 3.598 Thread 0x00007f0170184000 1886       2       com.android.dx.io.instructions.InstructionCodec$33::encode (131 bytes)
Event: 3.600 Thread 0x00007f0170184000 nmethod 1886 0x00007f01615ffd90 code [0x00007f01615fff60, 0x00007f01616005e8]
Event: 3.602 Thread 0x00007f0170184000 1888       2       com.android.dx.io.instructions.InstructionCodec$17::decode (46 bytes)
Event: 3.602 Thread 0x00007f0170184000 nmethod 1888 0x00007f0161604c50 code [0x00007f0161604de0, 0x00007f0161605178]
Event: 3.605 Thread 0x00007f0170184000 1889       2       com.android.dx.io.instructions.InstructionCodec$17::encode (29 bytes)
Event: 3.606 Thread 0x00007f0170184000 nmethod 1889 0x00007f0161604510 code [0x00007f01616046c0, 0x00007f0161604988]
Event: 3.629 Thread 0x00007f0170184000 1891       2       com.android.dx.io.instructions.SparseSwitchPayloadDecodedInstruction::<init> (40 bytes)
Event: 3.630 Thread 0x00007f0170184000 nmethod 1891 0x00007f01615ff750 code [0x00007f01615ff8e0, 0x00007f01615ffb78]

GC Heap History (10 events):
Event: 1.758 GC heap after
Heap after GC invocations=1 (full 0):
 PSYoungGen      total 17408K, used 2044K [0x00000000eab00000, 0x00000000ecd00000, 0x0000000100000000)
  eden space 15360K, 0% used [0x00000000eab00000,0x00000000eab00000,0x00000000eba00000)
  from space 2048K, 99% used [0x00000000eba00000,0x00000000ebbff148,0x00000000ebc00000)
  to   space 2048K, 0% used [0x00000000ecb00000,0x00000000ecb00000,0x00000000ecd00000)
 ParOldGen       total 39936K, used 4442K [0x00000000c0000000, 0x00000000c2700000, 0x00000000eab00000)
  object space 39936K, 11% used [0x00000000c0000000,0x00000000c0456a00,0x00000000c2700000)
 Metaspace       used 4906K, capacity 6352K, committed 6528K, reserved 1056768K
  class space    used 495K, capacity 584K, committed 640K, reserved 1048576K
}
Event: 1.904 GC heap before
{Heap before GC invocations=2 (full 0):
 PSYoungGen      total 17408K, used 12572K [0x00000000eab00000, 0x00000000ecd00000, 0x0000000100000000)
  eden space 15360K, 68% used [0x00000000eab00000,0x00000000eb547f50,0x00000000eba00000)
  from space 2048K, 99% used [0x00000000eba00000,0x00000000ebbff148,0x00000000ebc00000)
  to   space 2048K, 0% used [0x00000000ecb00000,0x00000000ecb00000,0x00000000ecd00000)
 ParOldGen       total 39936K, used 4442K [0x00000000c0000000, 0x00000000c2700000, 0x00000000eab00000)
  object space 39936K, 11% used [0x00000000c0000000,0x00000000c0456a00,0x00000000c2700000)
 Metaspace       used 4916K, capacity 6352K, committed 6528K, reserved 1056768K
  class space    used 495K, capacity 584K, committed 640K, reserved 1048576K
Event: 1.910 GC heap after
Heap after GC invocations=2 (full 0):
 PSYoungGen      total 32768K, used 1957K [0x00000000eab00000, 0x00000000ecd00000, 0x0000000100000000)
  eden space 30720K, 0% used [0x00000000eab00000,0x00000000eab00000,0x00000000ec900000)
  from space 2048K, 95% used [0x00000000ecb00000,0x00000000ecce9508,0x00000000ecd00000)
  to   space 2048K, 0% used [0x00000000ec900000,0x00000000ec900000,0x00000000ecb00000)
 ParOldGen       total 39936K, used 8267K [0x00000000c0000000, 0x00000000c2700000, 0x00000000eab00000)
  object space 39936K, 20% used [0x00000000c0000000,0x00000000c0812e28,0x00000000c2700000)
 Metaspace       used 4916K, capacity 6352K, committed 6528K, reserved 1056768K
  class space    used 495K, capacity 584K, committed 640K, reserved 1048576K
}
Event: 2.933 GC heap before
{Heap before GC invocations=3 (full 0):
 PSYoungGen      total 32768K, used 32234K [0x00000000eab00000, 0x00000000ecd00000, 0x0000000100000000)
  eden space 30720K, 98% used [0x00000000eab00000,0x00000000ec8915a0,0x00000000ec900000)
  from space 2048K, 95% used [0x00000000ecb00000,0x00000000ecce9508,0x00000000ecd00000)
  to   space 2048K, 0% used [0x00000000ec900000,0x00000000ec900000,0x00000000ecb00000)
 ParOldGen       total 39936K, used 8267K [0x00000000c0000000, 0x00000000c2700000, 0x00000000eab00000)
  object space 39936K, 20% used [0x00000000c0000000,0x00000000c0812e28,0x00000000c2700000)
 Metaspace       used 6876K, capacity 7320K, committed 7424K, reserved 1056768K
  class space    used 696K, capacity 720K, committed 768K, reserved 1048576K
Event: 2.950 GC heap after
Heap after GC invocations=3 (full 0):
 PSYoungGen      total 32768K, used 2033K [0x00000000eab00000, 0x00000000eeb00000, 0x0000000100000000)
  eden space 30720K, 0% used [0x00000000eab00000,0x00000000eab00000,0x00000000ec900000)
  from space 2048K, 99% used [0x00000000ec900000,0x00000000ecafc6b8,0x00000000ecb00000)
  to   space 2048K, 0% used [0x00000000ee900000,0x00000000ee900000,0x00000000eeb00000)
 ParOldGen       total 39936K, used 13984K [0x00000000c0000000, 0x00000000c2700000, 0x00000000eab00000)
  object space 39936K, 35% used [0x00000000c0000000,0x00000000c0da8238,0x00000000c2700000)
 Metaspace       used 6876K, capacity 7320K, committed 7424K, reserved 1056768K
  class space    used 696K, capacity 720K, committed 768K, reserved 1048576K
}
Event: 3.069 GC heap before
{Heap before GC invocations=4 (full 0):
 PSYoungGen      total 32768K, used 32753K [0x00000000eab00000, 0x00000000eeb00000, 0x0000000100000000)
  eden space 30720K, 100% used [0x00000000eab00000,0x00000000ec900000,0x00000000ec900000)
  from space 2048K, 99% used [0x00000000ec900000,0x00000000ecafc6b8,0x00000000ecb00000)
  to   space 2048K, 0% used [0x00000000ee900000,0x00000000ee900000,0x00000000eeb00000)
 ParOldGen       total 39936K, used 13984K [0x00000000c0000000, 0x00000000c2700000, 0x00000000eab00000)
  object space 39936K, 35% used [0x00000000c0000000,0x00000000c0da8238,0x00000000c2700000)
 Metaspace       used 6898K, capacity 7320K, committed 7424K, reserved 1056768K
  class space    used 696K, capacity 720K, committed 768K, reserved 1048576K
Event: 3.118 GC heap after
Heap after GC invocations=4 (full 0):
 PSYoungGen      total 63488K, used 2032K [0x00000000eab00000, 0x00000000eeb00000, 0x0000000100000000)
  eden space 61440K, 0% used [0x00000000eab00000,0x00000000eab00000,0x00000000ee700000)
  from space 2048K, 99% used [0x00000000ee900000,0x00000000eeafc028,0x00000000eeb00000)
  to   space 2048K, 0% used [0x00000000ee700000,0x00000000ee700000,0x00000000ee900000)
 ParOldGen       total 47104K, used 46161K [0x00000000c0000000, 0x00000000c2e00000, 0x00000000eab00000)
  object space 47104K, 97% used [0x00000000c0000000,0x00000000c2d146a0,0x00000000c2e00000)
 Metaspace       used 6898K, capacity 7320K, committed 7424K, reserved 1056768K
  class space    used 696K, capacity 720K, committed 768K, reserved 1048576K
}
Event: 3.118 GC heap before
{Heap before GC invocations=5 (full 1):
 PSYoungGen      total 63488K, used 2032K [0x00000000eab00000, 0x00000000eeb00000, 0x0000000100000000)
  eden space 61440K, 0% used [0x00000000eab00000,0x00000000eab00000,0x00000000ee700000)
  from space 2048K, 99% used [0x00000000ee900000,0x00000000eeafc028,0x00000000eeb00000)
  to   space 2048K, 0% used [0x00000000ee700000,0x00000000ee700000,0x00000000ee900000)
 ParOldGen       total 47104K, used 46161K [0x00000000c0000000, 0x00000000c2e00000, 0x00000000eab00000)
  object space 47104K, 97% used [0x00000000c0000000,0x00000000c2d146a0,0x00000000c2e00000)
 Metaspace       used 6898K, capacity 7320K, committed 7424K, reserved 1056768K
  class space    used 696K, capacity 720K, committed 768K, reserved 1048576K
Event: 3.411 GC heap after
Heap after GC invocations=5 (full 1):
 PSYoungGen      total 63488K, used 0K [0x00000000eab00000, 0x00000000eeb00000, 0x0000000100000000)
  eden space 61440K, 0% used [0x00000000eab00000,0x00000000eab00000,0x00000000ee700000)
  from space 2048K, 0% used [0x00000000ee900000,0x00000000ee900000,0x00000000eeb00000)
  to   space 2048K, 0% used [0x00000000ee700000,0x00000000ee700000,0x00000000ee900000)
 ParOldGen       total 70144K, used 18235K [0x00000000c0000000, 0x00000000c4480000, 0x00000000eab00000)
  object space 70144K, 25% used [0x00000000c0000000,0x00000000c11cee38,0x00000000c4480000)
 Metaspace       used 6898K, capacity 7320K, committed 7424K, reserved 1056768K
  class space    used 696K, capacity 720K, committed 768K, reserved 1048576K
}
Event: 3.636 GC heap before
{Heap before GC invocations=6 (full 1):
 PSYoungGen      total 63488K, used 61440K [0x00000000eab00000, 0x00000000eeb00000, 0x0000000100000000)
  eden space 61440K, 100% used [0x00000000eab00000,0x00000000ee700000,0x00000000ee700000)
  from space 2048K, 0% used [0x00000000ee900000,0x00000000ee900000,0x00000000eeb00000)
  to   space 2048K, 0% used [0x00000000ee700000,0x00000000ee700000,0x00000000ee900000)
 ParOldGen       total 70144K, used 18235K [0x00000000c0000000, 0x00000000c4480000, 0x00000000eab00000)
  object space 70144K, 25% used [0x00000000c0000000,0x00000000c11cee38,0x00000000c4480000)
 Metaspace       used 6936K, capacity 7384K, committed 7680K, reserved 1056768K
  class space    used 697K, capacity 720K, committed 768K, reserved 1048576K

Deoptimization events (10 events):
Event: 2.413 Thread 0x00007f017000a000 Uncommon trap: reason=unstable_if action=reinterpret pc=0x00007f016144a844 method=java.util.HashMap.putVal(ILjava/lang/Object;Ljava/lang/Object;ZZ)Ljava/lang/Object; @ 162
Event: 2.616 Thread 0x00007f017000a000 Uncommon trap: reason=unstable_if action=reinterpret pc=0x00007f01614a27b8 method=sun.misc.MetaIndex.mayContain(Ljava/lang/String;)Z @ 13
Event: 2.754 Thread 0x00007f017000a000 Uncommon trap: reason=predicate action=maybe_recompile pc=0x00007f01614de210 method=com.android.dex.Leb128.readUnsignedLeb128(Lcom/android/dex/util/ByteInput;)I @ 41
Event: 2.880 Thread 0x00007f017000a000 Uncommon trap: reason=unstable_if action=reinterpret pc=0x00007f0161375b94 method=java.util.HashMap.getNode(ILjava/lang/Object;)Ljava/util/HashMap$Node; @ 84
Event: 2.886 Thread 0x00007f017000a000 Uncommon trap: reason=unstable_if action=reinterpret pc=0x00007f016139a9b0 method=java.util.HashMap.getNode(ILjava/lang/Object;)Ljava/util/HashMap$Node; @ 84
Event: 3.064 Thread 0x00007f017000a000 Uncommon trap: reason=unstable_if action=reinterpret pc=0x00007f0161525eac method=com.android.dex.Mutf8.decode(Lcom/android/dex/util/ByteInput;[C)Ljava/lang/String; @ 37
Event: 3.064 Thread 0x00007f017000a000 Uncommon trap: reason=unstable_if action=reinterpret pc=0x00007f01615163e4 method=com.android.dex.Mutf8.countBytes(Ljava/lang/String;Z)J @ 35
Event: 3.064 Thread 0x00007f017000a000 Uncommon trap: reason=unstable_if action=reinterpret pc=0x00007f016147849c method=com.android.dex.Mutf8.encode([BILjava/lang/String;)V @ 31
Event: 3.064 Thread 0x00007f017000a000 Uncommon trap: reason=unstable_if action=reinterpret pc=0x00007f016147fa28 method=com.android.dex.Mutf8.decode(Lcom/android/dex/util/ByteInput;[C)Ljava/lang/String; @ 37
Event: 3.064 Thread 0x00007f017000a000 Uncommon trap: reason=unstable_if action=reinterpret pc=0x00007f016146fa58 method=com.android.dex.Mutf8.countBytes(Ljava/lang/String;Z)J @ 35

Internal exceptions (6 events):
Event: 0.525 Thread 0x00007f017000a000 Exception <a 'java/lang/NoSuchMethodError': Method sun.misc.Unsafe.defineClass(Ljava/lang/String;[BII)Ljava/lang/Class; name or signature does not match> (0x00000000eab12a38) thrown at [/RE-WORK/workspace/8-2-build-linux-amd64/jdk8u45/3457/hotspot/src/sha
Event: 0.525 Thread 0x00007f017000a000 Exception <a 'java/lang/NoSuchMethodError': Method sun.misc.Unsafe.prefetchRead(Ljava/lang/Object;J)V name or signature does not match> (0x00000000eab12cc8) thrown at [/RE-WORK/workspace/8-2-build-linux-amd64/jdk8u45/3457/hotspot/src/share/vm/prims/jni.cp
Event: 2.616 Thread 0x00007f017000a000 Exception <a 'java/security/PrivilegedActionException'> (0x00000000eb877b28) thrown at [/RE-WORK/workspace/8-2-build-linux-amd64/jdk8u45/3457/hotspot/src/share/vm/prims/jvm.cpp, line 1382]
Event: 2.616 Thread 0x00007f017000a000 Exception <a 'java/security/PrivilegedActionException'> (0x00000000eb877e70) thrown at [/RE-WORK/workspace/8-2-build-linux-amd64/jdk8u45/3457/hotspot/src/share/vm/prims/jvm.cpp, line 1382]
Event: 2.617 Thread 0x00007f017000a000 Exception <a 'java/security/PrivilegedActionException'> (0x00000000eb87a520) thrown at [/RE-WORK/workspace/8-2-build-linux-amd64/jdk8u45/3457/hotspot/src/share/vm/prims/jvm.cpp, line 1382]
Event: 2.617 Thread 0x00007f017000a000 Exception <a 'java/security/PrivilegedActionException'> (0x00000000eb87a868) thrown at [/RE-WORK/workspace/8-2-build-linux-amd64/jdk8u45/3457/hotspot/src/share/vm/prims/jvm.cpp, line 1382]

Events (10 events):
Event: 3.537 Thread 0x00007f017000a000 DEOPT UNPACKING pc=0x00007f0161047633 sp=0x00007f0178d1ff70 mode 0
Event: 3.538 Thread 0x00007f017000a000 DEOPT PACKING pc=0x00007f01615128ce sp=0x00007f0178d20230
Event: 3.538 Thread 0x00007f017000a000 DEOPT UNPACKING pc=0x00007f0161047633 sp=0x00007f0178d1ff70 mode 0
Event: 3.539 Thread 0x00007f017000a000 DEOPT PACKING pc=0x00007f01615128ce sp=0x00007f0178d20230
Event: 3.539 Thread 0x00007f017000a000 DEOPT UNPACKING pc=0x00007f0161047633 sp=0x00007f0178d1ff70 mode 0
Event: 3.541 Thread 0x00007f017000a000 DEOPT PACKING pc=0x00007f01615128ce sp=0x00007f0178d20230
Event: 3.541 Thread 0x00007f017000a000 DEOPT UNPACKING pc=0x00007f0161047633 sp=0x00007f0178d1ff70 mode 0
Event: 3.563 loading class com/android/dex/Dex$1
Event: 3.563 loading class com/android/dex/Dex$1 done
Event: 3.636 Executing VM operation: ParallelGCFailedAllocation


Dynamic libraries:
00400000-00401000 r-xp 00000000 08:09 1855421                            /usr/lib/jvm/java-8-oracle/jre/bin/java
00600000-00601000 rw-p 00000000 08:09 1855421                            /usr/lib/jvm/java-8-oracle/jre/bin/java
01298000-012b9000 rw-p 00000000 00:00 0                                  [heap]
c0000000-c4480000 rw-p 00000000 00:00 0 
c4480000-eab00000 ---p 00000000 00:00 0 
eab00000-eeb00000 rw-p 00000000 00:00 0 
f3f00000-100000000 ---p 00000000 00:00 0 
100000000-1000c0000 rw-p 00000000 00:00 0 
1000c0000-140000000 ---p 00000000 00:00 0 
7f0124000000-7f0124021000 rw-p 00000000 00:00 0 
7f0124021000-7f0128000000 ---p 00000000 00:00 0 
7f0128000000-7f0128021000 rw-p 00000000 00:00 0 
7f0128021000-7f012c000000 ---p 00000000 00:00 0 
7f012c000000-7f012c6d5000 rw-p 00000000 00:00 0 
7f012c6d5000-7f0130000000 ---p 00000000 00:00 0 
7f0130000000-7f0130701000 rw-p 00000000 00:00 0 
7f0130701000-7f0134000000 ---p 00000000 00:00 0 
7f0134000000-7f0134021000 rw-p 00000000 00:00 0 
7f0134021000-7f0138000000 ---p 00000000 00:00 0 
7f0138000000-7f013866a000 rw-p 00000000 00:00 0 
7f013866a000-7f013c000000 ---p 00000000 00:00 0 
7f013c000000-7f013c021000 rw-p 00000000 00:00 0 
7f013c021000-7f0140000000 ---p 00000000 00:00 0 
7f0140000000-7f0140021000 rw-p 00000000 00:00 0 
7f0140021000-7f0144000000 ---p 00000000 00:00 0 
7f0144000000-7f0144021000 rw-p 00000000 00:00 0 
7f0144021000-7f0148000000 ---p 00000000 00:00 0 
7f0148000000-7f014828a000 rw-p 00000000 00:00 0 
7f014828a000-7f014c000000 ---p 00000000 00:00 0 
7f014c000000-7f014c021000 rw-p 00000000 00:00 0 
7f014c021000-7f0150000000 ---p 00000000 00:00 0 
7f0154000000-7f0154021000 rw-p 00000000 00:00 0 
7f0154021000-7f0158000000 ---p 00000000 00:00 0 
7f01598fe000-7f01598ff000 ---p 00000000 00:00 0 
7f01598ff000-7f01599ff000 rw-p 00000000 00:00 0                          [stack:4517]
7f01599ff000-7f0159a02000 ---p 00000000 00:00 0 
7f0159a02000-7f0159b00000 rw-p 00000000 00:00 0                          [stack:4516]
7f0159b00000-7f0159b03000 ---p 00000000 00:00 0 
7f0159b03000-7f0159c01000 rw-p 00000000 00:00 0                          [stack:4515]
7f0159c01000-7f015a000000 r--p 00000000 08:09 1835774                    /usr/lib/locale/locale-archive
7f015a000000-7f015c000000 rw-p 00000000 00:00 0 
7f015c000000-7f015c021000 rw-p 00000000 00:00 0 
7f015c021000-7f0160000000 ---p 00000000 00:00 0 
7f01600f1000-7f01600f4000 ---p 00000000 00:00 0 
7f01600f4000-7f01601f2000 rw-p 00000000 00:00 0                          [stack:4514]
7f01601f2000-7f01601f5000 ---p 00000000 00:00 0 
7f01601f5000-7f01602f3000 rw-p 00000000 00:00 0                          [stack:4513]
7f01602f3000-7f01602f6000 ---p 00000000 00:00 0 
7f01602f6000-7f01603f4000 rw-p 00000000 00:00 0                          [stack:4512]
7f01603f4000-7f01603f7000 ---p 00000000 00:00 0 
7f01603f7000-7f01604f5000 rw-p 00000000 00:00 0                          [stack:4511]
7f01604f5000-7f01604f8000 ---p 00000000 00:00 0 
7f01604f8000-7f01605f6000 rw-p 00000000 00:00 0                          [stack:4510]
7f01605f6000-7f01605f7000 ---p 00000000 00:00 0 
7f01605f7000-7f0161000000 rw-p 00000000 00:00 0                          [stack:4509]
7f0161000000-7f0161610000 rwxp 00000000 00:00 0 
7f0161610000-7f0170000000 ---p 00000000 00:00 0 
7f0170000000-7f0170457000 rw-p 00000000 00:00 0 
7f0170457000-7f0174000000 ---p 00000000 00:00 0 
7f017403e000-7f017403f000 rw-p 00000000 00:00 0 
7f017403f000-7f017404a000 r--s 00116000 08:09 1855114                    /usr/lib/jvm/java-8-oracle/jre/lib/ext/localedata.jar
7f017404a000-7f0174650000 rw-p 00000000 00:00 0 
7f0174650000-7f0174829000 r--s 03d09000 08:09 1855144                    /usr/lib/jvm/java-8-oracle/jre/lib/rt.jar
7f0174829000-7f0174f5f000 rw-p 00000000 00:00 0 
7f0174f5f000-7f017509f000 ---p 00000000 00:00 0 
7f017509f000-7f017529f000 rw-p 00000000 00:00 0 
7f017529f000-7f01752a0000 ---p 00000000 00:00 0 
7f01752a0000-7f01753a0000 rw-p 00000000 00:00 0                          [stack:4508]
7f01753a0000-7f01753a1000 ---p 00000000 00:00 0 
7f01753a1000-7f01754a1000 rw-p 00000000 00:00 0                          [stack:4507]
7f01754a1000-7f01754a2000 ---p 00000000 00:00 0 
7f01754a2000-7f01755a2000 rw-p 00000000 00:00 0                          [stack:4506]
7f01755a2000-7f01755a3000 ---p 00000000 00:00 0 
7f01755a3000-7f01756c6000 rw-p 00000000 00:00 0                          [stack:4505]
7f01756c6000-7f01757f9000 ---p 00000000 00:00 0 
7f01757f9000-7f017581c000 rw-p 00000000 00:00 0 
7f017581c000-7f017594e000 ---p 00000000 00:00 0 
7f017594e000-7f017596f000 rw-p 00000000 00:00 0 
7f017596f000-7f01759f9000 ---p 00000000 00:00 0 
7f01759f9000-7f0175a13000 rw-p 00000000 00:00 0 
7f0175a13000-7f0175dba000 ---p 00000000 00:00 0 
7f0175dba000-7f0175dd4000 r-xp 00000000 08:09 1855199                    /usr/lib/jvm/java-8-oracle/jre/lib/amd64/libzip.so
7f0175dd4000-7f0175fd4000 ---p 0001a000 08:09 1855199                    /usr/lib/jvm/java-8-oracle/jre/lib/amd64/libzip.so
7f0175fd4000-7f0175fd5000 rw-p 0001a000 08:09 1855199                    /usr/lib/jvm/java-8-oracle/jre/lib/amd64/libzip.so
7f0175fd5000-7f0175fe0000 r-xp 00000000 08:09 658511                     /lib/x86_64-linux-gnu/libnss_files-2.19.so
7f0175fe0000-7f01761df000 ---p 0000b000 08:09 658511                     /lib/x86_64-linux-gnu/libnss_files-2.19.so
7f01761df000-7f01761e0000 r--p 0000a000 08:09 658511                     /lib/x86_64-linux-gnu/libnss_files-2.19.so
7f01761e0000-7f01761e1000 rw-p 0000b000 08:09 658511                     /lib/x86_64-linux-gnu/libnss_files-2.19.so
7f01761e1000-7f01761ec000 r-xp 00000000 08:09 658521                     /lib/x86_64-linux-gnu/libnss_nis-2.19.so
7f01761ec000-7f01763eb000 ---p 0000b000 08:09 658521                     /lib/x86_64-linux-gnu/libnss_nis-2.19.so
7f01763eb000-7f01763ec000 r--p 0000a000 08:09 658521                     /lib/x86_64-linux-gnu/libnss_nis-2.19.so
7f01763ec000-7f01763ed000 rw-p 0000b000 08:09 658521                     /lib/x86_64-linux-gnu/libnss_nis-2.19.so
7f01763ed000-7f0176404000 r-xp 00000000 08:09 658505                     /lib/x86_64-linux-gnu/libnsl-2.19.so
7f0176404000-7f0176603000 ---p 00017000 08:09 658505                     /lib/x86_64-linux-gnu/libnsl-2.19.so
7f0176603000-7f0176604000 r--p 00016000 08:09 658505                     /lib/x86_64-linux-gnu/libnsl-2.19.so
7f0176604000-7f0176605000 rw-p 00017000 08:09 658505                     /lib/x86_64-linux-gnu/libnsl-2.19.so
7f0176605000-7f0176607000 rw-p 00000000 00:00 0 
7f0176607000-7f0176610000 r-xp 00000000 08:09 658507                     /lib/x86_64-linux-gnu/libnss_compat-2.19.so
7f0176610000-7f017680f000 ---p 00009000 08:09 658507                     /lib/x86_64-linux-gnu/libnss_compat-2.19.so
7f017680f000-7f0176810000 r--p 00008000 08:09 658507                     /lib/x86_64-linux-gnu/libnss_compat-2.19.so
7f0176810000-7f0176811000 rw-p 00009000 08:09 658507                     /lib/x86_64-linux-gnu/libnss_compat-2.19.so
7f0176811000-7f017683b000 r-xp 00000000 08:09 1855213                    /usr/lib/jvm/java-8-oracle/jre/lib/amd64/libjava.so
7f017683b000-7f0176a3b000 ---p 0002a000 08:09 1855213                    /usr/lib/jvm/java-8-oracle/jre/lib/amd64/libjava.so
7f0176a3b000-7f0176a3d000 rw-p 0002a000 08:09 1855213                    /usr/lib/jvm/java-8-oracle/jre/lib/amd64/libjava.so
7f0176a3d000-7f0176a4a000 r-xp 00000000 08:09 1855192                    /usr/lib/jvm/java-8-oracle/jre/lib/amd64/libverify.so
7f0176a4a000-7f0176c4a000 ---p 0000d000 08:09 1855192                    /usr/lib/jvm/java-8-oracle/jre/lib/amd64/libverify.so
7f0176c4a000-7f0176c4c000 rw-p 0000d000 08:09 1855192                    /usr/lib/jvm/java-8-oracle/jre/lib/amd64/libverify.so
7f0176c4c000-7f0176c53000 r-xp 00000000 08:09 658564                     /lib/x86_64-linux-gnu/librt-2.19.so
7f0176c53000-7f0176e52000 ---p 00007000 08:09 658564                     /lib/x86_64-linux-gnu/librt-2.19.so
7f0176e52000-7f0176e53000 r--p 00006000 08:09 658564                     /lib/x86_64-linux-gnu/librt-2.19.so
7f0176e53000-7f0176e54000 rw-p 00007000 08:09 658564                     /lib/x86_64-linux-gnu/librt-2.19.so
7f0176e54000-7f0176f59000 r-xp 00000000 08:09 658486                     /lib/x86_64-linux-gnu/libm-2.19.so
7f0176f59000-7f0177158000 ---p 00105000 08:09 658486                     /lib/x86_64-linux-gnu/libm-2.19.so
7f0177158000-7f0177159000 r--p 00104000 08:09 658486                     /lib/x86_64-linux-gnu/libm-2.19.so
7f0177159000-7f017715a000 rw-p 00105000 08:09 658486                     /lib/x86_64-linux-gnu/libm-2.19.so
7f017715a000-7f0177e08000 r-xp 00000000 08:09 1855225                    /usr/lib/jvm/java-8-oracle/jre/lib/amd64/server/libjvm.so
7f0177e08000-7f0178007000 ---p 00cae000 08:09 1855225                    /usr/lib/jvm/java-8-oracle/jre/lib/amd64/server/libjvm.so
7f0178007000-7f01780de000 rw-p 00cad000 08:09 1855225                    /usr/lib/jvm/java-8-oracle/jre/lib/amd64/server/libjvm.so
7f01780de000-7f0178122000 rw-p 00000000 00:00 0 
7f0178122000-7f01782dd000 r-xp 00000000 08:09 658436                     /lib/x86_64-linux-gnu/libc-2.19.so
7f01782dd000-7f01784dc000 ---p 001bb000 08:09 658436                     /lib/x86_64-linux-gnu/libc-2.19.so
7f01784dc000-7f01784e0000 r--p 001ba000 08:09 658436                     /lib/x86_64-linux-gnu/libc-2.19.so
7f01784e0000-7f01784e2000 rw-p 001be000 08:09 658436                     /lib/x86_64-linux-gnu/libc-2.19.so
7f01784e2000-7f01784e7000 rw-p 00000000 00:00 0 
7f01784e7000-7f01784ea000 r-xp 00000000 08:09 658453                     /lib/x86_64-linux-gnu/libdl-2.19.so
7f01784ea000-7f01786e9000 ---p 00003000 08:09 658453                     /lib/x86_64-linux-gnu/libdl-2.19.so
7f01786e9000-7f01786ea000 r--p 00002000 08:09 658453                     /lib/x86_64-linux-gnu/libdl-2.19.so
7f01786ea000-7f01786eb000 rw-p 00003000 08:09 658453                     /lib/x86_64-linux-gnu/libdl-2.19.so
7f01786eb000-7f0178700000 r-xp 00000000 08:09 1855212                    /usr/lib/jvm/java-8-oracle/jre/lib/amd64/jli/libjli.so
7f0178700000-7f0178900000 ---p 00015000 08:09 1855212                    /usr/lib/jvm/java-8-oracle/jre/lib/amd64/jli/libjli.so
7f0178900000-7f0178901000 rw-p 00015000 08:09 1855212                    /usr/lib/jvm/java-8-oracle/jre/lib/amd64/jli/libjli.so
7f0178901000-7f017891a000 r-xp 00000000 08:09 658556                     /lib/x86_64-linux-gnu/libpthread-2.19.so
7f017891a000-7f0178b19000 ---p 00019000 08:09 658556                     /lib/x86_64-linux-gnu/libpthread-2.19.so
7f0178b19000-7f0178b1a000 r--p 00018000 08:09 658556                     /lib/x86_64-linux-gnu/libpthread-2.19.so
7f0178b1a000-7f0178b1b000 rw-p 00019000 08:09 658556                     /lib/x86_64-linux-gnu/libpthread-2.19.so
7f0178b1b000-7f0178b1f000 rw-p 00000000 00:00 0 
7f0178b1f000-7f0178b42000 r-xp 00000000 08:09 658412                     /lib/x86_64-linux-gnu/ld-2.19.so
7f0178b42000-7f0178b5e000 r--s 00393000 08:09 1855111                    /usr/lib/jvm/java-8-oracle/jre/lib/ext/cldrdata.jar
7f0178b5e000-7f0178b63000 r--s 00094000 08:09 1855094                    /usr/lib/jvm/java-8-oracle/jre/lib/jsse.jar
7f0178b63000-7f0178c21000 rw-p 00000000 00:00 0 
7f0178c21000-7f0178c24000 ---p 00000000 00:00 0 
7f0178c24000-7f0178d26000 rw-p 00000000 00:00 0                          [stack:4504]
7f0178d26000-7f0178d35000 r--s 000dd000 08:09 1321064                    /home/genesis/Android/Sdk/build-tools/21.1.2/lib/dx.jar
7f0178d35000-7f0178d3d000 rw-s 00000000 08:09 1725125                    /tmp/hsperfdata_genesis/4495
7f0178d3d000-7f0178d3e000 rw-p 00000000 00:00 0 
7f0178d3e000-7f0178d3f000 ---p 00000000 00:00 0 
7f0178d3f000-7f0178d41000 rw-p 00000000 00:00 0 
7f0178d41000-7f0178d42000 r--p 00022000 08:09 658412                     /lib/x86_64-linux-gnu/ld-2.19.so
7f0178d42000-7f0178d43000 rw-p 00023000 08:09 658412                     /lib/x86_64-linux-gnu/ld-2.19.so
7f0178d43000-7f0178d44000 rw-p 00000000 00:00 0 
7ffdf717a000-7ffdf719b000 rw-p 00000000 00:00 0                          [stack]
7ffdf71d5000-7ffdf71d7000 r-xp 00000000 00:00 0                          [vdso]
7ffdf71d7000-7ffdf71d9000 r--p 00000000 00:00 0                          [vvar]
ffffffffff600000-ffffffffff601000 r-xp 00000000 00:00 0                  [vsyscall]

VM Arguments:
jvm_args: -Xmx1024M 
java_command: /home/genesis/Android/Sdk/build-tools/21.1.2/lib/dx.jar --dex --no-optimize --output /home/genesis/Documents/Code/192/droidCal/ElevenFifty-Nine/app/build/intermediates/dex/debug --input-list=/home/genesis/Documents/Code/192/droidCal/ElevenFifty-Nine/app/build/intermediates/tmp/dex/debug/inputList.txt
java_class_path (initial): /home/genesis/Android/Sdk/build-tools/21.1.2/lib/dx.jar
Launcher Type: SUN_STANDARD

Environment Variables:
CLASSPATH=/home/genesis/android-studio/bin/../lib/bootstrap.jar:/home/genesis/android-studio/bin/../lib/extensions.jar:/home/genesis/android-studio/bin/../lib/util.jar:/home/genesis/android-studio/bin/../lib/jdom.jar:/home/genesis/android-studio/bin/../lib/log4j.jar:/home/genesis/android-studio/bin/../lib/trove4j.jar:/home/genesis/android-studio/bin/../lib/jna.jar:/usr/lib/jvm/java-8-oracle/lib/tools.jar
PATH=/usr/local/sbin:/usr/local/bin:/usr/sbin:/usr/bin:/sbin:/bin:/usr/games:/usr/local/games
LD_LIBRARY_PATH=/home/genesis/android-studio/bin:
SHELL=/bin/bash
DISPLAY=:0

Signal Handlers:
SIGSEGV: [libjvm.so+0xaad1e0], sa_mask[0]=11111111011111111101111111111110, sa_flags=SA_RESTART|SA_SIGINFO
SIGBUS: [libjvm.so+0xaad1e0], sa_mask[0]=11111111011111111101111111111110, sa_flags=SA_RESTART|SA_SIGINFO
SIGFPE: [libjvm.so+0x90b450], sa_mask[0]=11111111011111111101111111111110, sa_flags=SA_RESTART|SA_SIGINFO
SIGPIPE: [libjvm.so+0x90b450], sa_mask[0]=11111111011111111101111111111110, sa_flags=SA_RESTART|SA_SIGINFO
SIGXFSZ: [libjvm.so+0x90b450], sa_mask[0]=11111111011111111101111111111110, sa_flags=SA_RESTART|SA_SIGINFO
SIGILL: [libjvm.so+0x90b450], sa_mask[0]=11111111011111111101111111111110, sa_flags=SA_RESTART|SA_SIGINFO
SIGUSR1: SIG_DFL, sa_mask[0]=00000000000000000000000000000000, sa_flags=none
SIGUSR2: [libjvm.so+0x90ca90], sa_mask[0]=00100000000000000000000000000000, sa_flags=SA_RESTART|SA_SIGINFO
SIGHUP: [libjvm.so+0x90dde0], sa_mask[0]=11111111011111111101111111111110, sa_flags=SA_RESTART|SA_SIGINFO
SIGINT: [libjvm.so+0x90dde0], sa_mask[0]=11111111011111111101111111111110, sa_flags=SA_RESTART|SA_SIGINFO
SIGTERM: [libjvm.so+0x90dde0], sa_mask[0]=11111111011111111101111111111110, sa_flags=SA_RESTART|SA_SIGINFO
SIGQUIT: [libjvm.so+0x90dde0], sa_mask[0]=11111111011111111101111111111110, sa_flags=SA_RESTART|SA_SIGINFO


---------------  S Y S T E M  ---------------

OS:DISTRIB_ID="elementary OS"
DISTRIB_RELEASE=0.3
DISTRIB_CODENAME=freya
DISTRIB_DESCRIPTION="elementary OS Freya"

uname:Linux 3.16.0-37-generic #49~14.04.1-Ubuntu SMP Thu Apr 30 10:52:28 UTC 2015 x86_64
libc:glibc 2.19 NPTL 2.19 
rlimit: STACK 8192k, CORE 0k, NPROC 14298, NOFILE 4096, AS infinity
load average:1.15 1.00 0.87

/proc/meminfo:
MemTotal:        3763208 kB
MemFree:          107560 kB
MemAvailable:      63232 kB
Buffers:            1728 kB
Cached:           291268 kB
SwapCached:            0 kB
Active:          3208592 kB
Inactive:         228880 kB
Active(anon):    3182576 kB
Inactive(anon):   206940 kB
Active(file):      26016 kB
Inactive(file):    21940 kB
Unevictable:         192 kB
Mlocked:             192 kB
SwapTotal:             0 kB
SwapFree:              0 kB
Dirty:               820 kB
Writeback:             4 kB
AnonPages:       3144792 kB
Mapped:           133864 kB
Shmem:            245060 kB
Slab:              71884 kB
SReclaimable:      32320 kB
SUnreclaim:        39564 kB
KernelStack:       11248 kB
PageTables:        59216 kB
NFS_Unstable:          0 kB
Bounce:                0 kB
WritebackTmp:          0 kB
CommitLimit:     1881604 kB
Committed_AS:    8156604 kB
VmallocTotal:   34359738367 kB
VmallocUsed:      596996 kB
VmallocChunk:   34359132148 kB
HardwareCorrupted:     0 kB
AnonHugePages:    757760 kB
HugePages_Total:       0
HugePages_Free:        0
HugePages_Rsvd:        0
HugePages_Surp:        0
Hugepagesize:       2048 kB
DirectMap4k:      109312 kB
DirectMap2M:     2750464 kB
DirectMap1G:     1048576 kB


CPU:total 4 (2 cores per cpu, 2 threads per core) family 6 model 69 stepping 1, cmov, cx8, fxsr, mmx, sse, sse2, sse3, ssse3, sse4.1, sse4.2, popcnt, avx, avx2, aes, clmul, erms, lzcnt, ht, tsc, tscinvbit, bmi1, bmi2

/proc/cpuinfo:
processor	: 0
vendor_id	: GenuineIntel
cpu family	: 6
model		: 69
model name	: Intel(R) Core(TM) i5-4200U CPU @ 1.60GHz
stepping	: 1
microcode	: 0x10
cpu MHz		: 2325.695
cache size	: 3072 KB
physical id	: 0
siblings	: 4
core id		: 0
cpu cores	: 2
apicid		: 0
initial apicid	: 0
fpu		: yes
fpu_exception	: yes
cpuid level	: 13
wp		: yes
flags		: fpu vme de pse tsc msr pae mce cx8 apic sep mtrr pge mca cmov pat pse36 clflush dts acpi mmx fxsr sse sse2 ss ht tm pbe syscall nx pdpe1gb rdtscp lm constant_tsc arch_perfmon pebs bts rep_good nopl xtopology nonstop_tsc aperfmperf eagerfpu pni pclmulqdq dtes64 monitor ds_cpl vmx est tm2 ssse3 fma cx16 xtpr pdcm pcid sse4_1 sse4_2 movbe popcnt tsc_deadline_timer aes xsave avx f16c rdrand lahf_lm abm ida arat epb xsaveopt pln pts dtherm tpr_shadow vnmi flexpriority ept vpid fsgsbase tsc_adjust bmi1 avx2 smep bmi2 erms invpcid
bogomips	: 4589.53
clflush size	: 64
cache_alignment	: 64
address sizes	: 39 bits physical, 48 bits virtual
power management:

processor	: 1
vendor_id	: GenuineIntel
cpu family	: 6
model		: 69
model name	: Intel(R) Core(TM) i5-4200U CPU @ 1.60GHz
stepping	: 1
microcode	: 0x10
cpu MHz		: 1603.980
cache size	: 3072 KB
physical id	: 0
siblings	: 4
core id		: 0
cpu cores	: 2
apicid		: 1
initial apicid	: 1
fpu		: yes
fpu_exception	: yes
cpuid level	: 13
wp		: yes
flags		: fpu vme de pse tsc msr pae mce cx8 apic sep mtrr pge mca cmov pat pse36 clflush dts acpi mmx fxsr sse sse2 ss ht tm pbe syscall nx pdpe1gb rdtscp lm constant_tsc arch_perfmon pebs bts rep_good nopl xtopology nonstop_tsc aperfmperf eagerfpu pni pclmulqdq dtes64 monitor ds_cpl vmx est tm2 ssse3 fma cx16 xtpr pdcm pcid sse4_1 sse4_2 movbe popcnt tsc_deadline_timer aes xsave avx f16c rdrand lahf_lm abm ida arat epb xsaveopt pln pts dtherm tpr_shadow vnmi flexpriority ept vpid fsgsbase tsc_adjust bmi1 avx2 smep bmi2 erms invpcid
bogomips	: 4589.53
clflush size	: 64
cache_alignment	: 64
address sizes	: 39 bits physical, 48 bits virtual
power management:

processor	: 2
vendor_id	: GenuineIntel
cpu family	: 6
model		: 69
model name	: Intel(R) Core(TM) i5-4200U CPU @ 1.60GHz
stepping	: 1
microcode	: 0x10
cpu MHz		: 1590.683
cache size	: 3072 KB
physical id	: 0
siblings	: 4
core id		: 1
cpu cores	: 2
apicid		: 2
initial apicid	: 2
fpu		: yes
fpu_exception	: yes
cpuid level	: 13
wp		: yes
flags		: fpu vme de pse tsc msr pae mce cx8 apic sep mtrr pge mca cmov pat pse36 clflush dts acpi mmx fxsr sse sse2 ss ht tm pbe syscall nx pdpe1gb rdtscp lm constant_tsc arch_perfmon pebs bts rep_good nopl xtopology nonstop_tsc aperfmperf eagerfpu pni pclmulqdq dtes64 monitor ds_cpl vmx est tm2 ssse3 fma cx16 xtpr pdcm pcid sse4_1 sse4_2 movbe popcnt tsc_deadline_timer aes xsave avx f16c rdrand lahf_lm abm ida arat epb xsaveopt pln pts dtherm tpr_shadow vnmi flexpriority ept vpid fsgsbase tsc_adjust bmi1 avx2 smep bmi2 erms invpcid
bogomips	: 4589.53
clflush size	: 64
cache_alignment	: 64
address sizes	: 39 bits physical, 48 bits virtual
power management:

processor	: 3
vendor_id	: GenuineIntel
cpu family	: 6
model		: 69
model name	: Intel(R) Core(TM) i5-4200U CPU @ 1.60GHz
stepping	: 1
microcode	: 0x10
cpu MHz		: 1788.699
cache size	: 3072 KB
physical id	: 0
siblings	: 4
core id		: 1
cpu cores	: 2
apicid		: 3
initial apicid	: 3
fpu		: yes
fpu_exception	: yes
cpuid level	: 13
wp		: yes
flags		: fpu vme de pse tsc msr pae mce cx8 apic sep mtrr pge mca cmov pat pse36 clflush dts acpi mmx fxsr sse sse2 ss ht tm pbe syscall nx pdpe1gb rdtscp lm constant_tsc arch_perfmon pebs bts rep_good nopl xtopology nonstop_tsc aperfmperf eagerfpu pni pclmulqdq dtes64 monitor ds_cpl vmx est tm2 ssse3 fma cx16 xtpr pdcm pcid sse4_1 sse4_2 movbe popcnt tsc_deadline_timer aes xsave avx f16c rdrand lahf_lm abm ida arat epb xsaveopt pln pts dtherm tpr_shadow vnmi flexpriority ept vpid fsgsbase tsc_adjust bmi1 avx2 smep bmi2 erms invpcid
bogomips	: 4589.53
clflush size	: 64
cache_alignment	: 64
address sizes	: 39 bits physical, 48 bits virtual
power management:



Memory: 4k page, physical 3763208k(107560k free), swap 0k(0k free)

vm_info: Java HotSpot(TM) 64-Bit Server VM (25.45-b02) for linux-amd64 JRE (1.8.0_45-b14), built on Apr 10 2015 10:07:45 by "java_re" with gcc 4.3.0 20080428 (Red Hat 4.3.0-8)

time: Fri May  8 10:27:38 2015
elapsed time: 4 seconds (0d 0h 0m 4s)

